-41073
0 55 -42
0 91 -6
0 142 -74
0 206 -16
0 218 -9
0 229 24
0 409 62
0 448 -67
0 494 -73
1 38 36
1 114 -41
1 115 -23
1 155 65
1 278 -53
1 314 26
1 356 -17
1 400 -53
1 411 -97
2 184 -61
2 201 -88
2 219 17
2 235 -78
2 327 -57
2 438 -30
3 41 -44
3 109 53
3 187 -8
3 209 -93
3 236 -84
3 306 53
3 381 -13
3 388 -18
3 407 56
3 428 -31
3 452 30
3 488 23
4 413 -68
4 419 -74
4 471 -74
5 69 -40
5 153 60
5 158 64
5 197 -9
5 284 -81
5 326 -54
5 368 29
5 377 -54
5 401 -11
5 425 -59
5 468 -61
6 15 50
6 70 -96
6 122 11
6 131 -25
6 256 -88
6 292 -35
6 404 -11
6 437 10
7 98 -99
7 111 -49
7 260 -19
7 289 -46
7 293 22
7 298 -39
7 336 -77
7 354 -26
7 403 -48
7 413 48
7 419 -38
7 487 29
7 497 68
8 101 17
8 132 -3
8 142 41
8 193 17
8 217 70
8 246 -72
8 293 -52
8 345 -43
8 368 30
8 493 34
9 19 42
9 34 61
9 43 -90
9 71 -55
9 128 -19
9 133 -98
9 148 -67
9 234 -96
9 292 39
9 295 14
9 304 -91
9 417 -57
10 21 9
10 154 66
10 157 -49
10 224 -61
10 281 49
10 285 -10
10 288 -46
10 417 -94
10 423 -4
10 455 -44
10 490 3
10 491 22
10 494 48
11 30 8
11 106 -97
11 124 -62
11 214 59
11 241 43
11 290 69
11 361 5
11 370 -55
11 373 -98
11 394 -36
11 460 29
11 489 -1
12 151 -54
12 153 -68
12 219 -99
12 282 -82
12 313 10
12 342 -26
12 346 -96
12 454 -68
12 478 7
12 483 -40
13 15 25
13 83 -38
13 90 53
13 108 54
13 111 35
13 192 -42
13 312 -59
13 322 -55
13 398 -25
13 402 61
13 414 71
13 424 -63
13 449 -93
14 58 33
14 154 -67
14 182 51
14 192 -92
14 256 36
15 22 62
15 25 -63
15 48 -78
15 52 -15
15 59 15
15 112 -97
15 159 13
15 200 20
15 253 4
15 314 50
15 328 -38
15 374 -9
15 447 32
16 92 -66
16 97 2
16 157 38
16 177 -21
16 246 -64
16 277 66
16 299 63
16 330 -72
16 461 -55
17 92 36
17 96 -2
17 103 27
17 105 -89
17 135 31
17 179 -68
17 204 26
17 294 -56
17 343 26
17 382 55
17 410 -44
17 465 6
17 467 6
17 473 17
18 83 -38
18 92 -14
18 165 -81
18 195 -35
18 199 -51
18 245 46
18 404 66
18 448 -30
18 462 -96
18 481 -62
19 27 -41
19 41 -12
19 81 -77
19 168 -16
19 352 -20
19 451 5
19 492 -88
20 24 57
20 76 -35
20 78 -6
20 274 14
20 306 -51
20 344 -69
20 423 -79
20 433 35
21 165 11
21 178 41
21 239 -50
21 259 27
21 266 54
21 306 65
21 432 -60
22 73 36
22 79 -71
22 133 2
22 163 22
22 232 60
22 252 -39
22 366 -4
22 429 69
22 443 68
22 467 -96
23 146 -42
23 265 -24
23 346 -52
23 461 -93
24 30 -56
24 79 -65
24 100 -98
24 151 -52
24 207 64
24 231 -18
24 262 40
24 301 -95
24 306 -24
24 313 -29
24 381 -81
24 404 -50
24 413 -28
24 423 4
24 489 -10
25 40 -17
25 61 -52
25 74 10
25 86 -76
25 101 -3
25 375 -25
25 391 11
25 474 -82
25 487 26
25 497 -44
26 31 2
26 54 -14
26 113 -33
26 131 69
26 173 22
26 179 -87
26 275 -53
26 311 7
26 323 -7
26 350 9
26 395 -41
26 454 53
26 461 17
26 473 -66
27 40 -76
27 138 -94
27 215 -25
27 254 43
27 314 -5
27 352 -62
27 375 -89
27 393 9
28 74 -56
28 192 41
28 277 36
28 328 -11
28 349 15
28 451 -2
29 33 -73
29 52 -9
29 53 -69
29 245 8
29 308 -27
29 313 -60
29 394 56
29 429 -37
29 478 -3
29 489 63
30 49 -62
30 80 28
30 153 -65
30 233 43
30 326 -85
30 352 19
30 481 8
31 52 -53
31 73 -36
31 128 35
31 147 44
31 160 50
31 166 -50
31 168 70
31 183 -78
31 242 -89
31 359 68
31 371 -92
31 481 -16
32 105 58
32 187 35
32 212 -23
32 260 34
32 269 -45
32 316 58
32 359 -50
32 386 -73
32 394 -32
32 435 8
32 448 24
32 460 -4
33 76 -96
33 214 -28
33 312 -76
33 331 40
33 498 45
34 191 -13
34 243 8
34 269 23
34 329 20
34 359 62
34 367 13
34 453 52
34 475 -4
34 483 -2
34 497 -37
35 44 -56
35 64 -96
35 79 -84
35 97 10
35 103 31
35 109 -67
35 149 -82
35 254 49
35 272 24
35 299 -63
35 386 -47
35 391 51
35 399 -74
35 474 -44
36 61 -11
36 162 -82
36 239 -23
36 256 75
36 259 64
36 325 -70
36 381 -28
36 431 -36
36 481 21
37 55 -99
37 145 78
37 301 61
37 317 -69
37 319 32
37 348 42
38 42 -47
38 65 -57
38 141 1
38 222 -7
38 235 -77
38 459 -12
39 85 17
39 87 -23
39 88 -51
39 101 -96
39 103 30
39 167 -63
39 188 63
39 191 -31
39 263 -66
39 277 -93
39 286 -12
39 423 23
39 454 30
39 493 -100
40 78 -23
40 208 -76
40 361 -19
40 367 -13
40 403 -6
40 414 64
41 53 18
41 95 -38
41 156 -90
41 257 -39
41 301 73
41 341 -23
41 372 49
41 432 -48
42 60 -52
42 64 -55
42 65 -18
42 101 61
42 138 16
42 155 59
42 228 -65
42 282 -7
42 299 69
42 343 -7
42 494 -60
43 46 3
43 59 -31
43 61 42
43 62 -80
43 77 -93
43 89 -10
43 118 -16
43 148 -56
43 181 -3
43 218 38
43 276 25
43 295 53
43 313 -36
43 386 46
43 425 -36
43 474 -70
43 484 26
43 491 -90
44 56 43
44 129 12
44 205 -42
44 222 -82
44 236 -10
44 338 -48
44 428 -76
44 474 -41
45 110 -16
45 122 -66
45 127 -91
45 132 -85
45 206 -41
45 222 -32
45 235 -40
45 301 -20
45 316 -67
45 338 55
45 382 31
45 438 -85
45 470 66
45 471 -71
45 494 42
46 205 -75
46 230 -6
46 256 -13
46 295 80
46 328 -55
46 403 45
46 432 21
46 466 -71
47 105 -40
47 187 6
47 200 -37
47 340 -95
48 69 -34
48 184 -20
48 244 -9
48 298 -60
48 349 -42
48 411 67
48 449 -88
48 493 -7
49 68 47
49 82 -54
49 88 1
49 209 -9
49 266 35
49 467 -91
50 129 70
50 160 26
50 171 61
50 182 -79
50 192 -48
50 218 -14
50 256 -95
50 323 2
50 336 -89
50 374 65
50 482 -99
51 60 -28
51 92 -3
51 127 -55
51 195 -1
51 209 34
51 286 -97
51 456 22
51 484 38
52 67 29
52 105 62
52 264 23
52 345 -38
52 372 14
52 433 68
52 436 -68
52 449 -15
53 137 40
53 247 40
53 297 55
53 461 -63
54 96 -73
54 131 -86
54 140 10
54 155 18
54 162 -18
54 186 -66
54 370 14
54 415 -33
54 493 -1
55 76 -64
55 316 -93
55 332 -52
55 339 52
55 348 -73
55 368 -74
55 398 -52
55 405 69
55 428 -45
56 70 -46
56 99 71
56 148 53
56 155 4
56 167 -94
56 185 27
56 227 -27
56 259 -87
56 267 7
56 483 37
57 175 46
57 214 -13
57 248 -79
57 280 -58
57 295 8
57 388 25
57 398 -15
57 433 12
58 119 -39
58 179 -19
58 183 -69
58 279 -66
58 287 22
58 322 -41
58 383 -70
58 444 -9
58 453 -37
59 69 -28
59 181 40
59 186 4
59 195 -83
59 213 -95
59 246 -25
59 477 -96
60 96 -93
60 108 -41
60 161 -31
60 163 6
60 184 -46
60 186 -32
60 229 -52
60 313 61
60 349 18
60 364 -14
60 389 23
61 84 -94
61 122 -26
61 145 -86
61 199 -62
61 208 -69
61 219 69
61 288 70
61 318 -17
61 350 21
61 415 50
61 430 60
61 449 -15
61 485 -99
62 142 34
62 227 -99
62 401 -11
62 428 -54
62 459 8
62 470 -66
62 473 -9
63 97 48
63 98 -26
63 195 10
63 237 -67
63 399 49
63 479 63
64 207 -99
64 217 -75
64 298 34
64 462 48
65 315 -62
65 432 -77
66 95 -44
66 240 -57
66 492 -54
67 119 49
67 353 7
68 153 -16
68 204 49
68 313 -62
68 315 -10
68 368 -38
68 414 9
68 434 60
68 470 -6
68 475 35
69 80 45
69 135 -12
69 188 30
69 220 16
69 319 64
69 353 -100
69 369 -17
69 451 -9
69 468 -33
69 479 33
70 111 2
70 135 -68
70 175 44
70 178 23
70 180 67
70 188 7
70 295 -62
70 309 29
70 356 -33
70 362 -98
71 95 1
71 108 45
71 120 -54
71 130 -52
71 285 -95
71 294 -62
71 350 23
71 446 19
71 473 -46
72 97 -2
72 189 -9
72 245 52
72 246 21
72 282 48
72 316 -2
72 396 -89
72 424 -28
72 460 31
73 93 -71
73 180 68
73 342 -21
73 357 -63
73 429 -1
73 449 -61
73 493 56
74 81 -43
74 110 -78
74 165 27
74 205 46
74 233 -34
74 295 -43
74 339 -28
74 362 -38
74 445 -35
74 449 -55
74 462 -92
74 464 -66
75 215 45
75 369 -35
75 466 -38
76 77 -48
76 145 21
76 197 -38
76 242 58
76 291 -75
76 299 -68
76 445 -68
76 467 -41
76 478 -36
77 146 -85
77 269 -84
77 289 80
77 321 27
77 373 54
77 458 -95
78 98 -80
78 173 -60
78 207 -89
78 250 33
78 251 -45
78 263 -89
78 348 12
78 396 40
78 462 27
78 467 14
78 478 20
79 83 79
79 85 -37
79 104 -40
79 113 -54
79 138 -89
79 167 51
79 221 -54
79 264 58
79 314 -54
79 324 73
79 353 28
79 358 -45
79 388 -64
79 405 -68
79 413 73
79 451 55
79 473 48
79 498 -77
80 114 -56
80 140 1
80 195 -35
80 226 -89
80 291 -62
80 383 -86
80 463 14
80 474 64
81 103 -45
81 109 20
81 129 9
81 136 -40
81 264 -98
81 265 37
81 300 -51
81 311 -41
81 403 27
81 443 -30
81 497 -79
82 124 -3
82 188 -56
82 316 -91
82 328 -8
82 350 -12
82 363 27
82 392 -70
82 455 -76
83 140 -76
83 223 -36
83 273 61
83 290 69
83 339 -69
83 349 -57
83 405 31
84 89 -5
84 91 67
84 125 68
84 141 70
84 235 -19
84 291 -3
84 408 33
84 443 -80
84 470 -51
85 191 -88
85 193 -28
85 220 -10
85 251 -52
85 272 44
85 274 -15
85 300 -32
85 335 2
85 362 -70
85 395 -42
85 408 40
85 428 -69
85 433 -90
86 145 2
86 170 41
86 212 12
86 359 20
86 460 73
86 497 -53
87 90 27
87 120 -45
87 140 12
87 223 -11
87 283 40
87 289 -19
87 299 53
87 430 -29
87 449 7
88 245 -24
88 310 13
88 327 26
88 349 17
88 353 -11
88 365 -98
89 106 3
89 134 35
89 191 44
89 317 -93
89 343 -21
89 349 -13
89 485 -40
89 491 -49
90 94 45
90 144 -27
90 147 -36
90 178 44
90 202 -65
90 242 -8
90 245 -63
90 288 34
90 313 -57
90 352 -84
90 446 -53
91 107 40
91 116 -39
91 150 8
91 235 47
91 418 41
91 428 29
91 498 47
92 198 -81
92 242 66
92 267 58
92 300 34
92 349 -89
92 373 -15
92 432 -32
92 495 -28
93 163 -24
93 253 -94
93 308 5
93 309 -2
93 455 -54
93 494 -69
94 127 -54
94 209 -93
94 237 11
94 239 47
94 271 66
94 289 -94
95 236 4
95 340 9
95 374 -36
95 447 -48
95 486 -26
96 99 49
96 135 -14
96 407 35
96 408 41
96 426 -18
96 498 -1
97 260 -19
97 348 55
97 384 -8
97 390 -19
97 416 47
97 420 23
97 427 -1
98 100 -32
98 104 52
98 165 -8
98 181 -74
98 195 -70
98 221 -36
98 319 30
98 325 -75
98 358 -67
98 494 -12
99 128 56
99 203 -93
99 316 53
99 387 -41
99 412 -92
99 442 -31
100 109 33
100 188 53
100 289 82
100 328 -28
100 332 -60
100 402 22
100 407 -61
101 308 -99
101 388 -86
101 396 18
101 399 41
101 417 -30
101 422 -90
101 430 -98
102 317 35
102 357 -11
102 370 34
102 371 52
102 440 -88
102 484 -60
103 122 -24
103 150 -21
103 189 -16
103 204 -47
103 238 16
103 252 54
103 263 2
103 328 -9
103 481 -27
104 290 -62
104 397 54
104 419 -25
104 459 49
105 177 -36
105 211 -36
105 343 -50
105 361 46
105 427 -99
105 436 -99
105 474 26
106 166 -72
106 217 68
106 220 28
106 379 -43
106 387 68
106 388 -35
106 430 -94
106 494 -56
107 124 -78
107 134 -10
107 156 63
107 159 -11
107 294 -55
107 335 -88
107 370 39
107 413 -44
107 487 -68
108 186 -24
108 292 76
108 310 -28
108 331 59
108 349 -25
108 379 56
108 479 35
108 485 -27
109 126 -91
109 179 -62
109 207 -87
109 243 77
109 255 -19
109 256 -54
109 303 -56
109 423 35
109 448 -29
109 475 30
109 497 -1
110 148 -10
110 314 33
110 348 -34
110 393 -90
111 139 29
111 146 -30
111 148 19
111 154 -34
111 215 18
111 398 -96
111 439 25
111 445 -67
112 236 -27
112 271 -53
112 370 -23
112 441 22
112 477 -14
113 220 42
113 226 -90
113 293 70
113 317 -81
113 335 -54
113 370 38
113 427 -43
113 444 -26
113 463 -47
113 476 -98
114 178 -8
114 182 -63
114 204 -41
114 227 42
114 281 18
114 375 -30
114 398 58
114 423 3
114 435 -80
115 121 -38
115 155 -42
115 169 55
115 234 39
115 257 -20
115 289 -34
115 352 54
115 369 4
115 383 -66
115 429 -7
115 433 28
115 437 -10
115 495 -44
116 157 3
116 219 -45
116 229 -8
116 325 24
116 441 -39
117 157 22
117 171 -58
117 217 12
117 220 51
117 260 31
117 345 -99
118 163 25
118 168 82
118 172 -99
118 255 -93
118 262 -86
118 311 -86
118 413 -29
118 418 -42
118 421 -4
118 464 -59
119 196 28
119 221 -58
119 247 27
119 295 -99
119 438 -45
120 131 -4
120 135 -8
120 316 -14
120 324 -44
120 434 -13
120 449 -76
120 499 -87
121 162 -56
121 303 -79
121 315 51
121 329 32
121 378 -73
121 390 65
121 392 -72
121 413 -48
122 251 -62
122 271 -55
122 326 35
122 344 -44
122 436 69
122 468 13
123 215 56
123 292 33
123 366 -68
123 425 7
123 436 38
123 443 -82
124 164 17
124 188 69
124 196 -70
124 318 -75
124 336 31
124 348 57
124 411 -5
124 476 36
124 491 -19
125 154 -99
125 162 -74
125 238 30
125 267 -42
125 325 20
125 418 -14
125 428 -73
125 433 -85
125 464 -73
126 153 38
126 158 -84
126 174 -66
126 257 -20
126 284 -100
126 291 -44
126 408 28
126 443 -98
126 498 33
127 178 -9
127 294 -45
127 300 20
127 348 29
127 396 -93
127 398 -83
127 450 -5
127 498 -82
128 161 -92
128 184 75
128 191 -34
128 247 -99
128 267 -59
128 281 34
128 404 -49
129 177 3
129 365 67
129 405 30
129 413 -58
129 415 5
129 461 2
130 222 14
130 250 -74
130 259 -48
130 352 38
131 176 -1
131 251 -8
131 279 40
131 292 -10
131 299 -85
131 312 33
131 326 48
131 346 -100
131 426 -67
131 433 30
131 437 -76
131 447 -47
131 486 -21
132 309 -68
132 327 -41
132 343 -85
132 474 -97
133 162 -17
133 247 -14
133 355 -60
133 367 -3
133 489 -21
134 158 -39
134 215 6
134 336 18
134 344 41
134 417 -21
134 424 -39
135 200 -26
135 270 -96
135 371 6
135 430 -16
136 199 -69
136 251 -37
136 300 51
136 336 71
136 344 29
137 149 -57
137 209 59
137 224 -33
137 251 4
137 274 -8
137 325 -98
137 433 -8
137 444 19
138 196 1
138 235 -53
138 241 -15
138 328 -94
138 475 -34
138 486 -78
138 495 -67
139 264 21
139 278 -17
139 376 10
139 394 6
139 415 -43
139 469 -34
140 142 -65
140 195 -70
140 206 37
140 234 -18
140 260 12
140 305 71
140 401 -99
140 406 -23
140 410 -56
140 457 17
140 467 -30
141 182 40
141 196 13
141 282 48
141 351 -32
141 414 70
141 483 -79
142 143 66
142 198 -2
142 260 21
142 311 66
142 322 -91
142 352 3
142 395 53
142 433 21
142 464 -17
143 154 29
143 233 -91
143 325 -75
143 332 -57
143 348 74
143 379 -1
143 444 -53
143 461 -74
143 493 -51
144 199 -50
144 230 22
144 249 49
144 287 20
144 311 -84
144 330 -81
144 398 55
144 407 -89
144 443 3
144 479 -77
145 148 59
145 154 -17
145 209 -71
145 259 33
145 315 48
146 206 -45
146 227 -7
146 236 -84
146 322 36
146 324 -98
146 390 -31
146 491 35
147 150 -63
147 214 -61
147 240 69
147 401 27
147 447 43
147 462 -90
147 495 57
148 179 -1
148 180 -52
148 208 43
148 304 -87
148 335 -18
148 344 18
148 420 17
148 443 -100
149 178 40
149 241 19
149 361 -10
149 417 54
150 155 -6
150 221 -90
150 311 -15
150 360 33
150 441 -52
151 190 -44
151 249 45
151 262 -99
151 370 25
151 402 -62
151 414 -100
151 465 8
152 156 13
152 262 57
152 357 -97
152 361 -71
152 425 24
152 429 -15
152 442 -40
152 445 16
152 451 -43
152 489 -79
153 165 -65
153 167 31
153 233 -34
153 349 55
153 397 35
153 419 61
153 427 58
153 453 46
154 170 -80
154 196 -79
154 309 13
154 319 33
154 470 -18
155 159 -78
155 412 31
155 444 -54
155 456 62
156 179 -66
156 201 -95
156 207 7
156 210 -72
156 277 73
156 309 9
156 388 -33
157 176 37
157 226 64
157 280 -53
157 294 -34
157 337 -63
157 402 -9
157 445 26
157 460 28
158 337 13
158 476 -65
158 489 -46
159 160 -41
159 246 52
159 248 47
159 256 18
159 343 -85
159 359 18
159 466 71
160 202 11
160 208 24
160 384 -79
160 471 10
161 193 -100
161 195 -46
161 200 -56
161 342 31
161 469 -10
161 478 -26
162 171 -85
162 223 37
162 246 29
162 253 -25
162 273 17
162 282 45
162 292 63
162 319 -30
162 385 -7
163 174 -53
163 183 57
163 236 -28
163 246 12
163 282 58
163 293 -31
163 325 -15
163 395 -80
164 221 45
164 276 51
164 304 -80
164 320 35
164 396 -18
164 431 15
164 445 -31
164 453 -62
164 462 30
165 175 -65
165 215 -56
165 297 56
165 298 -8
165 302 19
165 400 44
166 318 25
166 390 -91
166 454 -53
167 219 -98
167 396 32
168 199 -7
168 311 68
168 333 -25
168 452 -81
168 454 -45
169 190 -10
169 234 61
169 242 -77
169 315 59
169 354 -68
169 371 60
169 430 11
169 459 37
169 487 -95
169 499 -16
170 204 -38
170 269 -54
170 292 68
170 297 8
170 332 -89
170 459 33
171 177 -21
171 234 31
171 319 34
171 324 41
171 336 -34
171 352 -30
171 412 -95
171 481 -69
172 318 -77
172 373 -24
172 460 -37
173 206 -89
173 248 -42
173 249 -46
173 375 -30
173 383 -99
173 401 56
173 465 58
173 482 -18
173 491 39
174 180 34
174 190 -90
174 201 -64
174 379 15
174 380 49
174 410 -87
174 462 47
174 463 -26
174 483 -1
175 346 -95
175 430 -96
175 438 29
175 487 62
175 489 -31
176 216 8
176 254 -98
176 333 -25
176 369 19
176 466 -96
177 191 -42
177 235 45
177 238 42
177 243 -89
177 303 -17
177 329 -34
177 367 -63
177 421 -98
177 492 29
178 192 14
178 264 -90
178 272 41
178 292 -55
178 301 -97
178 310 -64
178 391 -75
179 185 -45
179 302 -46
179 468 39
180 185 -4
180 226 41
180 242 -3
180 365 34
180 370 -66
180 401 57
180 495 -54
181 357 69
181 441 42
181 479 -94
181 487 46
182 211 -54
182 217 -34
182 295 28
182 392 -98
182 434 -33
182 482 -20
183 201 40
183 204 18
183 210 -82
183 213 35
183 310 25
183 371 11
183 375 -52
183 452 -7
183 481 -67
184 194 -1
184 204 40
184 259 -26
184 337 -65
184 357 -38
184 400 -32
184 434 -43
184 467 53
185 259 -40
185 295 29
185 307 1
185 317 43
185 365 -61
185 399 -51
185 458 16
185 460 26
185 483 74
186 218 -61
186 286 -40
186 331 80
186 444 83
187 202 19
187 232 -69
187 245 22
187 310 32
187 353 2
187 384 -32
187 429 -15
188 276 28
188 289 -80
188 358 -88
188 398 60
188 441 11
188 450 -53
189 309 26
189 373 -78
189 378 29
189 384 -58
189 392 -67
189 486 1
190 207 -59
190 288 -16
190 327 -19
190 349 -65
190 442 -90
190 460 25
191 217 -80
191 307 -97
191 343 13
191 368 -20
191 379 27
191 493 -83
192 304 11
192 322 -33
192 363 -81
192 383 -50
192 387 -35
192 426 12
192 435 27
193 223 -5
193 240 25
193 252 7
193 297 -5
193 355 19
193 373 -59
193 427 -21
194 282 -82
194 341 5
194 362 -25
194 410 -44
194 421 -85
194 429 39
194 452 -88
195 228 6
195 247 19
195 276 36
195 317 -54
195 402 -39
195 432 -50
196 209 19
196 237 -25
196 383 -78
196 389 -73
196 397 -42
196 447 60
197 229 68
197 273 72
197 371 16
197 385 55
197 393 -35
197 398 45
197 401 -40
197 441 14
197 498 70
198 263 -94
198 322 19
198 460 -71
199 237 -49
199 310 -48
199 328 -68
199 420 -66
199 463 -40
200 205 -72
200 237 -96
200 277 -85
200 279 5
200 307 -53
200 358 46
200 390 -53
200 397 5
200 415 -22
200 424 58
200 477 -41
201 276 -30
201 458 11
201 479 -36
202 249 21
203 206 6
203 312 -50
203 346 40
203 357 64
203 389 12
203 408 -67
203 426 59
203 439 -84
203 479 53
204 309 -58
204 340 53
204 405 7
205 241 11
205 284 1
205 310 -24
205 435 -7
206 285 12
206 295 -22
206 357 -3
206 396 62
206 421 13
206 485 -65
207 239 -47
207 299 59
207 374 51
207 477 30
208 256 -93
208 264 25
208 289 55
208 304 -12
208 322 -90
208 366 -1
208 411 -59
209 220 24
209 372 -31
209 377 1
209 380 58
209 408 -81
209 410 8
209 496 -32
210 252 -50
210 267 -8
210 287 15
210 341 73
210 372 63
210 475 -36
210 485 -29
210 490 2
211 217 32
211 303 28
212 216 -83
212 217 -22
212 241 16
212 322 -35
212 417 -19
212 485 -5
213 217 -34
213 355 -90
213 372 56
213 396 33
213 409 45
213 431 -21
213 462 -33
213 472 -4
214 262 -48
214 265 69
214 311 53
214 349 54
214 354 54
214 374 52
214 419 -15
214 467 -86
214 485 54
214 496 -33
215 293 -58
215 388 -42
215 409 -21
215 445 -68
216 222 -38
216 293 -95
216 301 44
216 304 57
216 395 -53
216 400 -3
216 407 59
216 436 -57
216 497 -10
217 296 1
217 308 48
217 496 -3
218 263 -25
218 310 15
218 312 46
218 366 -21
218 383 -8
218 424 -9
219 303 -70
219 316 -45
219 336 -72
219 403 -61
219 435 -87
219 489 -83
219 497 28
220 246 -31
220 291 -49
220 306 39
220 314 34
220 370 -84
220 389 -94
220 467 -13
220 480 -6
221 232 17
221 327 47
221 345 28
221 350 -43
221 355 -66
222 232 29
222 279 -53
222 288 65
222 353 71
222 370 -57
222 383 -66
222 462 -72
222 498 -69
223 282 55
223 290 -27
223 332 4
223 444 -50
224 231 -5
224 244 16
224 266 37
224 296 26
224 341 -51
224 446 -66
225 230 -59
225 303 -16
225 484 -32
226 274 21
226 283 -37
226 311 71
226 314 2
226 330 -93
226 388 -73
226 395 22
227 317 -94
227 318 -69
227 354 -45
227 386 -20
228 254 -98
228 341 48
228 371 -74
228 456 -85
229 273 -14
229 317 56
229 372 -95
229 385 -91
229 461 34
229 472 -87
230 301 34
230 338 12
230 378 -45
230 383 47
230 400 -29
230 404 -1
231 254 -85
231 260 -46
231 282 -68
231 392 -79
231 444 -10
231 446 30
231 498 -14
232 246 53
232 249 -17
232 265 35
232 292 -39
232 298 28
232 333 19
232 363 -100
232 487 -13
232 488 -76
233 284 54
233 330 11
233 375 -90
233 435 -75
234 261 -16
234 270 37
234 309 -8
234 443 27
234 459 -52
235 244 36
235 267 -93
235 349 56
235 452 -53
235 468 -55
236 242 16
236 258 -84
236 268 -83
236 277 -17
236 331 10
236 333 -40
236 394 2
236 403 -7
236 411 -88
236 416 -55
236 431 -62
236 442 -74
236 454 -97
236 485 54
237 251 55
237 279 -5
237 357 -100
237 490 -5
238 270 21
238 295 -32
238 326 -41
238 484 -89
239 255 60
239 294 -25
239 301 -28
239 330 -33
239 390 -100
239 483 -87
240 247 49
240 257 25
240 262 -14
240 312 -63
240 341 -29
241 275 56
241 284 -40
241 392 -46
241 421 6
242 249 40
242 254 -31
242 294 15
242 297 -53
242 339 -14
242 357 -50
243 252 -82
243 296 -45
244 292 -19
244 376 5
244 406 10
244 455 58
244 478 -97
244 495 15
245 255 -48
245 302 -10
245 359 24
245 386 -16
245 389 -84
245 424 -100
245 433 25
245 460 -69
245 486 -25
245 488 -99
246 314 -51
246 376 -28
246 394 21
246 451 -26
246 460 36
246 493 60
247 249 -65
247 251 -6
247 271 75
247 272 -15
247 296 20
247 347 14
247 359 -64
247 360 -12
247 387 -51
247 416 36
248 251 -60
248 266 32
248 274 -23
248 312 -84
248 335 -25
248 400 -53
248 430 27
248 447 19
248 487 45
249 331 -69
249 385 -40
249 426 -22
249 444 -15
249 450 19
250 270 33
250 385 -38
250 412 41
250 417 25
250 454 -79
250 466 -82
250 497 -1
251 347 -71
251 399 -3
252 253 -66
252 279 -45
252 319 -27
252 351 58
252 400 -29
253 295 -97
253 349 -74
253 402 -1
253 432 -68
254 293 33
254 420 -85
254 448 55
254 468 70
254 470 8
254 488 51
255 324 -49
255 459 -17
256 331 -66
256 344 45
256 367 3
256 371 -54
256 412 -100
256 424 9
256 437 -42
257 285 -11
257 442 -38
257 499 42
258 322 -11
259 428 -94
260 261 44
260 267 48
260 276 -93
260 373 -74
260 374 53
260 381 -15
261 346 73
261 368 79
261 410 -95
261 419 -92
261 431 36
261 480 20
262 292 -76
262 342 42
262 443 -68
262 455 10
263 314 11
263 341 69
263 376 -70
263 385 25
263 397 -63
263 485 78
264 310 -50
264 355 -52
264 385 -86
264 399 54
264 417 -86
264 467 -70
265 326 -40
265 428 -65
265 443 77
266 286 -39
266 445 -26
266 496 -40
267 295 42
267 315 32
267 362 -28
267 411 -3
268 278 10
268 307 64
268 427 -63
269 342 -2
269 346 -97
269 387 -40
269 409 -93
269 418 -27
269 494 -50
270 312 18
270 317 2
270 385 -33
270 477 43
270 499 33
271 326 72
271 349 56
271 412 -47
272 301 -73
272 419 61
272 420 -99
272 452 53
273 284 7
273 316 -14
274 346 -14
274 451 -50
275 303 38
275 311 -74
276 357 -49
276 367 53
276 379 67
276 445 -25
277 288 20
277 448 31
277 477 -30
277 492 -85
278 310 36
278 325 20
278 334 -48
278 353 44
278 397 -20
278 428 -66
278 430 -45
278 434 36
278 436 55
278 470 -41
278 482 -26
279 346 33
279 423 -85
279 453 -54
279 459 -99
280 342 5
280 351 26
281 296 -36
281 345 44
281 370 45
281 393 -17
281 404 -61
281 440 -18
281 455 -99
282 284 31
282 327 22
282 348 14
282 351 -91
282 375 -81
282 479 -65
283 324 -61
283 348 -19
283 421 -48
283 466 -57
284 297 -69
284 315 -1
284 361 -45
284 447 -96
284 479 -27
285 291 -66
285 334 17
285 427 7
286 320 -24
286 340 57
286 371 -2
286 413 -76
286 417 62
286 429 -4
286 430 44
287 292 54
287 311 58
287 393 -60
287 412 -93
287 429 41
287 451 77
287 463 -9
287 490 43
288 484 50
289 385 46
289 414 -62
290 312 -27
290 333 -61
290 345 -9
290 424 -37
291 296 49
291 313 -42
291 319 20
291 334 -65
291 342 68
291 455 -3
291 463 9
291 499 50
292 383 -94
292 410 -23
292 414 -65
293 295 -50
293 347 -87
293 370 -42
293 455 -9
294 334 -99
294 335 63
294 363 25
294 397 -76
294 444 6
294 490 -82
295 375 24
295 426 -37
295 473 -67
295 481 -72
296 389 16
296 440 -93
297 354 -96
298 316 -28
298 346 51
298 349 -99
298 455 -83
298 488 46
298 495 -47
299 340 3
299 355 76
299 361 25
299 373 -94
299 451 -7
299 461 -6
299 462 -35
299 480 4
300 329 13
300 419 -93
301 306 67
301 322 -37
301 359 31
301 360 70
301 368 -30
301 442 -89
301 458 -2
301 469 -98
301 490 -71
302 313 -31
302 335 -71
302 337 22
302 425 12
303 318 42
303 472 10
303 486 49
304 429 -31
304 439 -76
304 440 -11
304 478 9
305 378 29
305 384 -72
305 404 12
305 411 -3
305 485 41
305 497 32
306 315 -28
306 354 4
306 403 3
306 430 -81
306 433 -28
306 469 -18
308 327 -98
308 335 65
308 340 -10
308 360 -17
308 457 50
309 351 -68
310 322 19
310 470 -21
311 324 61
311 370 -95
311 398 60
311 400 -15
311 410 -57
311 417 20
311 419 -54
311 452 -74
312 326 42
312 351 -6
312 379 -98
312 394 -69
312 399 -50
312 422 57
312 431 -24
312 440 -93
312 455 22
313 381 34
313 441 -3
313 451 -60
315 393 -59
315 437 -36
315 493 -79
316 329 24
316 409 54
316 479 -91
317 359 -89
317 470 55
318 323 -99
318 351 -58
318 414 -53
318 446 -59
318 449 -93
319 376 23
319 419 -2
319 433 -71
320 329 57
320 433 70
320 494 9
320 499 5
321 457 29
321 459 17
322 365 -26
322 394 35
323 434 -26
323 474 -42
324 399 -56
324 465 -66
325 401 23
325 406 -84
325 442 -60
325 483 55
325 488 -78
326 341 -62
326 345 12
326 408 39
326 443 1
326 460 -57
326 473 -89
326 483 -4
327 382 -76
327 457 -61
327 466 -47
328 329 -35
328 361 22
328 378 -60
328 414 4
328 435 -38
328 473 27
329 348 -9
329 354 25
329 361 -17
329 385 45
329 491 -37
330 365 -100
330 435 -63
331 379 -6
331 432 -90
331 447 -4
331 496 50
332 347 59
332 385 46
332 434 -42
333 411 46
333 454 -70
333 456 7
333 492 -72
334 337 -64
334 376 -37
334 419 29
335 394 11
335 396 79
335 397 -28
335 421 -57
336 349 64
336 365 41
336 372 -37
336 409 34
336 429 73
336 432 11
336 447 -3
337 372 -50
337 397 -50
337 398 -31
338 488 -24
338 497 63
339 383 -53
339 391 -32
339 404 -1
339 479 32
340 348 23
340 355 26
340 385 -7
340 466 -45
340 488 -48
341 345 -70
341 364 -1
341 370 4
341 394 -5
341 420 41
341 439 9
341 466 -72
342 407 60
342 455 -82
342 459 -72
343 374 72
343 423 -42
344 359 -61
344 367 -41
344 395 -13
344 404 77
344 407 35
344 416 55
344 439 -43
344 476 -75
345 363 -14
345 406 43
345 480 -57
346 381 11
347 384 -33
347 454 15
347 493 13
348 390 13
348 471 -75
349 360 -46
349 465 9
350 471 -75
351 414 65
351 456 19
351 471 -13
352 362 -7
352 381 -42
353 385 19
353 483 -90
354 373 -45
354 450 -42
354 478 -15
354 490 -71
354 496 -28
355 375 -98
355 423 -25
355 429 -31
355 438 34
355 463 -54
356 395 -67
356 402 18
356 420 18
356 434 -81
357 399 -87
357 419 61
357 474 -97
357 482 2
358 366 -85
358 429 -93
359 390 1
359 444 -37
359 464 -41
360 407 4
360 441 4
360 457 -37
360 489 -86
361 423 -11
362 397 -59
362 436 -42
362 491 -74
363 379 -96
364 463 47
365 384 -66
365 388 34
365 461 -43
365 463 -54
365 470 -25
366 432 -30
366 486 67
366 497 63
368 429 -9
368 438 -98
368 448 -69
369 464 32
370 378 -73
370 461 -93
370 471 54
371 446 7
371 448 -27
371 499 -91
372 374 -9
372 468 -18
373 486 -35
374 398 44
374 449 -11
374 458 -23
375 388 -71
375 435 7
376 393 -69
376 429 -22
376 438 37
377 415 54
377 424 -70
377 443 -9
377 483 -59
379 462 13
379 493 -23
380 407 -34
380 491 19
381 397 -37
381 407 -34
381 450 -5
381 482 12
382 428 45
383 405 -71
383 456 -3
383 462 45
385 483 -54
386 395 9
386 460 36
386 490 -92
389 406 30
389 439 4
390 395 -84
390 448 24
390 496 -70
391 392 -79
391 398 46
391 492 -70
392 397 50
392 417 -74
393 478 -26
394 410 -50
394 469 1
394 494 -39
395 465 4
395 493 -79
396 450 -29
396 496 -11
397 422 40
398 400 -32
398 433 -28
399 433 64
400 423 -77
400 436 -28
400 445 -66
400 448 62
400 484 50
401 432 -30
401 463 56
402 465 -68
405 478 -63
406 462 -85
406 478 15
407 448 -83
407 452 -68
407 460 33
407 496 40
408 411 -66
408 438 -93
408 494 26
409 414 28
409 472 -72
410 445 -61
411 413 -22
411 471 70
411 483 -99
413 478 43
413 495 -75
414 480 -76
415 443 61
415 446 14
416 418 40
418 436 -48
418 488 62
419 477 63
420 460 -68
420 489 -3
420 492 -79
421 446 1
421 468 -45
421 479 -34
421 498 9
423 426 -67
423 454 -59
424 434 66
424 460 59
427 471 39
427 476 -5
427 498 -59
428 439 13
428 463 -64
429 487 3
429 490 1
430 433 -48
430 499 -34
431 463 -75
432 441 59
432 480 -89
433 494 -55
434 441 18
435 441 -65
435 448 -88
436 455 -87
436 498 55
437 469 -43
438 454 -85
438 460 9
439 453 -65
440 477 76
440 485 55
441 464 -8
442 447 -33
443 462 -94
443 469 -39
443 470 -30
443 476 42
445 473 66
448 456 62
451 471 28
453 469 -86
457 488 -83
458 481 -72
458 487 4
460 469 -21
461 463 -61
465 495 -29
466 476 -12
468 487 -100
469 493 -32
474 487 -59
476 477 -92
476 479 33
477 486 -68
479 490 66
492 496 -37
498 499 -19
