# 8000 data points
# index number
0 334
1 385
2 533
3 575
4 652
5 747
6 901
7 907
8 1221
9 1326
10 1378
11 1419
12 1421
13 1608
14 1658
15 1670
16 2160
17 2296
18 2473
19 2609
20 2715
21 2922
22 3004
23 3028
24 3180
25 3181
26 3185
27 3269
28 3416
29 3463
30 3643
31 3776
32 4049
33 4271
34 4782
35 4813
36 4828
37 5092
38 5422
39 5852
40 5855
41 5895
42 6007
43 6118
44 6212
45 6436
46 6563
47 6640
48 6697
49 6713
50 6727
51 6806
52 7578
53 7838
54 7838
55 7910
56 8091
57 8169
58 8556
59 8570
60 8636
61 8651
62 8786
63 8796
64 8818
65 8936
66 8981
67 9144
68 9608
69 9676
70 9764
71 9960
72 10250
73 10255
74 10385
75 10506
76 10575
77 10590
78 10666
79 10919
80 11226
81 11272
82 11359
83 11413
84 11451
85 11751
86 12352
87 12443
88 12492
89 12578
90 12651
91 12663
92 12888
93 13114
94 13211
95 13220
96 13346
97 13481
98 13602
99 13660
100 13865
101 13936
102 13981
103 14054
104 14097
105 14228
106 14394
107 14511
108 14517
109 14534
110 14567
111 14768
112 14843
113 15048
114 15563
115 15699
116 15744
117 15805
118 15832
119 15917
120 16141
121 16161
122 16270
123 16337
124 16354
125 16448
126 16617
127 16805
128 16871
129 17042
130 17045
131 17282
132 17306
133 17569
134 17639
135 17774
136 17876
137 17967
138 18037
139 18274
140 18283
141 18452
142 18654
143 18753
144 18754
145 18842
146 18932
147 18974
148 19149
149 20025
150 20179
151 20367
152 20402
153 20408
154 20427
155 20713
156 20729
157 20748
158 20784
159 20867
160 21007
161 21111
162 21168
163 21448
164 21614
165 21646
166 21686
167 21696
168 21762
169 21786
170 21823
171 21883
172 22066
173 22099
174 22155
175 22312
176 22316
177 22322
178 22496
179 22755
180 23008
181 23034
182 23050
183 23156
184 23186
185 23192
186 23197
187 23428
188 23522
189 23873
190 23893
191 24156
192 24250
193 24607
194 24681
195 24740
196 24935
197 24993
198 25375
199 25519
200 25766
201 25935
202 25951
203 26185
204 26344
205 26389
206 26485
207 26778
208 26870
209 26882
210 26911
211 26936
212 27056
213 27343
214 27374
215 27599
216 27617
217 27642
218 27693
219 27758
220 27808
221 28100
222 28137
223 28236
224 28389
225 28731
226 28794
227 28801
228 28805
229 28816
230 28903
231 28995
232 29002
233 29106
234 29184
235 29376
236 29404
237 29729
238 29767
239 29780
240 29989
241 30617
242 30736
243 30879
244 30923
245 30923
246 30928
247 31057
248 31385
249 31540
250 31540
251 31645
252 31733
253 32114
254 32366
255 32752
256 32945
257 33004
258 33068
259 33630
260 33704
261 33742
262 33786
263 33962
264 34225
265 34255
266 34264
267 34274
268 34452
269 34563
270 34723
271 34742
272 34858
273 34927
274 35059
275 35330
276 35334
277 35385
278 35422
279 35477
280 35860
281 36034
282 36042
283 36259
284 36263
285 36463
286 36792
287 36955
288 36971
289 37164
290 37375
291 37738
292 37805
293 37944
294 37976
295 38143
296 38531
297 38536
298 38692
299 38753
300 38861
301 38907
302 38975
303 39047
304 39050
305 39193
306 39210
307 39275
308 39371
309 39607
310 39660
311 39678
312 39693
313 39736
314 39789
315 40508
316 40547
317 40587
318 40802
319 40922
320 41019
321 41078
322 41169
323 41177
324 41245
325 41377
326 41377
327 41388
328 41406
329 41545
330 41738
331 41899
332 41915
333 42088
334 42188
335 42242
336 42302
337 42309
338 42389
339 42789
340 42877
341 42976
342 43272
343 43521
344 43552
345 43660
346 43787
347 43938
348 44001
349 44008
350 44117
351 44206
352 44736
353 44803
354 44832
355 44863
356 45139
357 45250
358 45691
359 45922
360 46014
361 46103
362 46233
363 46323
364 46343
365 46462
366 46536
367 46595
368 46664
369 46718
370 46916
371 46945
372 47017
373 47102
374 47118
375 47163
376 47183
377 47224
378 47537
379 47591
380 47608
381 47820
382 47866
383 48156
384 48253
385 48398
386 48484
387 48569
388 48572
389 48614
390 48777
391 49058
392 49064
393 49276
394 49372
395 49710
396 50015
397 50114
398 50218
399 50475
400 50522
401 50595
402 51033
403 51036
404 51055
405 51082
406 51432
407 51581
408 51611
409 52032
410 52136
411 52294
412 52366
413 52594
414 52821
415 53365
416 53445
417 53655
418 53694
419 53741
420 54003
421 54313
422 54355
423 54367
424 54531
425 54628
426 54887
427 54965
428 55124
429 55168
430 55184
431 55226
432 55234
433 55289
434 55444
435 55571
436 55597
437 55884
438 55956
439 55971
440 56012
441 56030
442 56045
443 56099
444 56135
445 56646
446 56771
447 56896
448 56921
449 56937
450 57214
451 57414
452 57477
453 57625
454 57656
455 57712
456 57932
457 57934
458 58001
459 58054
460 58067
461 58459
462 59234
463 59276
464 59507
465 59557
466 59566
467 59644
468 59647
469 59680
470 59701
471 59866
472 60226
473 60347
474 60811
475 60877
476 60895
477 61197
478 61213
479 61391
480 61453
481 61474
482 61686
483 61780
484 61804
485 61817
486 62022
487 62082
488 62162
489 62228
490 62306
491 62563
492 62640
493 62644
494 62705
495 62792
496 62860
497 62955
498 63152
499 63286
500 63317
501 63354
502 63409
503 63535
504 63822
505 63875
506 63925
507 63929
508 64059
509 64285
510 64420
511 64495
512 64592
513 64664
514 64670
515 64765
516 64970
517 65152
518 65322
519 65356
520 65554
521 65576
522 65838
523 65838
524 66017
525 66116
526 66342
527 66377
528 66419
529 66485
530 66558
531 66689
532 66710
533 66732
534 66827
535 66900
536 66941
537 66990
538 67026
539 67107
540 67279
541 67596
542 67687
543 67943
544 68196
545 68253
546 68399
547 68869
548 68898
549 69216
550 69218
551 69667
552 69890
553 69897
554 69902
555 70027
556 70174
557 70546
558 70670
559 70857
560 70858
561 70963
562 71167
563 71616
564 71698
565 71720
566 71722
567 71796
568 71810
569 72031
570 72181
571 72254
572 72294
573 72309
574 72506
575 72604
576 72675
577 72693
578 72740
579 73161
580 73474
581 73489
582 73823
583 74149
584 74228
585 74262
586 74470
587 74580
588 74752
589 74895
590 75737
591 75784
592 75828
593 76054
594 76062
595 76137
596 76356
597 76401
598 76418
599 76856
600 76933
601 77182
602 77473
603 77546
604 77572
605 77724
606 77768
607 77799
608 77841
609 78036
610 78115
611 78417
612 78620
613 78798
614 78820
615 78835
616 78892
617 78916
618 78980
619 79188
620 79241
621 79277
622 79490
623 79601
624 79640
625 79826
626 79850
627 79852
628 79956
629 80068
630 80358
631 80561
632 80653
633 80670
634 80750
635 80983
636 81170
637 81178
638 81220
639 81398
640 81405
641 81412
642 81564
643 81649
644 81708
645 81797
646 81912
647 81987
648 82223
649 82588
650 82808
651 82865
652 82903
653 83057
654 83073
655 83103
656 83284
657 83370
658 83454
659 83490
660 83732
661 83763
662 83848
663 83912
664 84185
665 84266
666 84422
667 84472
668 84550
669 84699
670 84767
671 84896
672 85109
673 85248
674 85326
675 85350
676 85557
677 85724
678 85845
679 86387
680 86665
681 87076
682 87252
683 87301
684 87637
685 87826
686 87878
687 88086
688 88127
689 88145
690 88399
691 88408
692 88553
693 88691
694 88812
695 88909
696 89220
697 89447
698 89508
699 89632
700 89683
701 90198
702 90335
703 90355
704 90384
705 90413
706 90416
707 90468
708 90488
709 90542
710 90657
711 90842
712 90876
713 90895
714 90908
715 91074
716 91087
717 91458
718 91542
719 91564
720 91663
721 91701
722 91726
723 91764
724 91780
725 92012
726 92061
727 92238
728 92252
729 92286
730 92380
731 92588
732 92621
733 92646
734 92821
735 93136
736 93137
737 93282
738 93304
739 93483
740 93601
741 93683
742 93861
743 93866
744 93937
745 93995
746 94368
747 94372
748 94746
749 94883
750 94965
751 95338
752 95363
753 95409
754 95440
755 95474
756 95624
757 95715
758 95796
759 95970
760 96011
761 96048
762 96628
763 96657
764 96659
765 96830
766 96973
767 97016
768 97320
769 97361
770 97372
771 97440
772 97460
773 97742
774 98060
775 98176
776 98352
777 98579
778 98652
779 98658
780 98679
781 98684
782 98699
783 98722
784 98770
785 98813
786 98933
787 98942
788 98961
789 99007
790 99098
791 99103
792 99121
793 99143
794 99264
795 99551
796 99865
797 99884
798 100093
799 100258
800 100396
801 100461
802 100582
803 100847
804 100921
805 100968
806 100978
807 100984
808 101050
809 101106
810 101904
811 101984
812 102174
813 102366
814 102460
815 102661
816 102768
817 102833
818 102974
819 103145
820 103432
821 103515
822 103596
823 103878
824 104150
825 104236
826 104241
827 104333
828 104455
829 104508
830 104662
831 104670
832 104760
833 104784
834 104843
835 104855
836 105137
837 105143
838 105181
839 105310
840 105386
841 105777
842 105805
843 106005
844 106079
845 106086
846 106114
847 106306
848 106330
849 106632
850 106915
851 107128
852 107174
853 107189
854 107248
855 107376
856 107519
857 107619
858 107637
859 107718
860 107719
861 107963
862 108269
863 108309
864 108363
865 108540
866 108597
867 108793
868 109033
869 109316
870 109319
871 109327
872 109342
873 109522
874 109554
875 109700
876 109701
877 109852
878 109857
879 109922
880 109973
881 110186
882 110238
883 110241
884 110241
885 110392
886 110790
887 111017
888 111164
889 111214
890 111362
891 111631
892 111776
893 111986
894 112411
895 112532
896 112629
897 112847
898 112921
899 113130
900 113142
901 113384
902 113395
903 113398
904 113455
905 113548
906 113561
907 113731
908 114031
909 114127
910 114292
911 114396
912 114460
913 114526
914 114571
915 114711
916 114929
917 114944
918 115118
919 115432
920 115461
921 115622
922 115765
923 115826
924 115924
925 116146
926 116172
927 116224
928 116393
929 116523
930 116602
931 116665
932 117252
933 117288
934 117293
935 117767
936 117821
937 118186
938 118200
939 118407
940 118661
941 118797
942 118975
943 119055
944 119101
945 119235
946 119244
947 119279
948 119505
949 119598
950 119913
951 119970
952 120181
953 120484
954 120525
955 120604
956 120866
957 121121
958 121130
959 121157
960 121358
961 121498
962 121640
963 121689
964 121788
965 121910
966 121928
967 122120
968 122243
969 122249
970 122355
971 122384
972 122467
973 122821
974 123093
975 123158
976 123285
977 123441
978 123563
979 123600
980 123705
981 123799
982 123985
983 124037
984 124081
985 124258
986 124284
987 124379
988 124556
989 124695
990 124744
991 124875
992 124959
993 125143
994 125219
995 125631
996 125642
997 125751
998 125774
999 125776
1000 125894
1001 125995
1002 126137
1003 126260
1004 126291
1005 126417
1006 126593
1007 126639
1008 126776
1009 127100
1010 127173
1011 127473
1012 127540
1013 127542
1014 127603
1015 128091
1016 128110
1017 128426
1018 128535
1019 128633
1020 129371
1021 129478
1022 129550
1023 129707
1024 130028
1025 130164
1026 130249
1027 130365
1028 130652
1029 130803
1030 130815
1031 131140
1032 131291
1033 131339
1034 131355
1035 131370
1036 131372
1037 131575
1038 131581
1039 131626
1040 131773
1041 131842
1042 131931
1043 131940
1044 131954
1045 131958
1046 132023
1047 132425
1048 132590
1049 132627
1050 132634
1051 132666
1052 132691
1053 132763
1054 132779
1055 132838
1056 132872
1057 132953
1058 132996
1059 133146
1060 133176
1061 133197
1062 133280
1063 133290
1064 133628
1065 133735
1066 133744
1067 133773
1068 133782
1069 133829
1070 133906
1071 134050
1072 134201
1073 134240
1074 134243
1075 134416
1076 134476
1077 134527
1078 134632
1079 135133
1080 135425
1081 135723
1082 135746
1083 135798
1084 135932
1085 136013
1086 136165
1087 136563
1088 136597
1089 136616
1090 136710
1091 136804
1092 137051
1093 137080
1094 137362
1095 137429
1096 137660
1097 137702
1098 137928
1099 138051
1100 138090
1101 138189
1102 138255
1103 138417
1104 138476
1105 138529
1106 138623
1107 138669
1108 138753
1109 138794
1110 138807
1111 139012
1112 139016
1113 139089
1114 139388
1115 139480
1116 139577
1117 139755
1118 139917
1119 139936
1120 140072
1121 140251
1122 140302
1123 140333
1124 140363
1125 140400
1126 140464
1127 140751
1128 140753
1129 141511
1130 141589
1131 141682
1132 141704
1133 141806
1134 142049
1135 142242
1136 142262
1137 142287
1138 142377
1139 142447
1140 142496
1141 142564
1142 142824
1143 142863
1144 142873
1145 143065
1146 143392
1147 143704
1148 143970
1149 144192
1150 144201
1151 144390
1152 144438
1153 144485
1154 144501
1155 144550
1156 144568
1157 144568
1158 144572
1159 145040
1160 145073
1161 145144
1162 145300
1163 145312
1164 145424
1165 145444
1166 145838
1167 146035
1168 146038
1169 146061
1170 146254
1171 146365
1172 146581
1173 147143
1174 147308
1175 147518
1176 147595
1177 147717
1178 147814
1179 147894
1180 148032
1181 148034
1182 148051
1183 148092
1184 148137
1185 148612
1186 148667
1187 148750
1188 148782
1189 148920
1190 149163
1191 149561
1192 149607
1193 149754
1194 149795
1195 149831
1196 149860
1197 150161
1198 150361
1199 150445
1200 150561
1201 150664
1202 150669
1203 150671
1204 150805
1205 150904
1206 151089
1207 151310
1208 151337
1209 151646
1210 151850
1211 152110
1212 152256
1213 152293
1214 152297
1215 152431
1216 152629
1217 152656
1218 152712
1219 153110
1220 153286
1221 153365
1222 153517
1223 153537
1224 153664
1225 153665
1226 153676
1227 153702
1228 153808
1229 154087
1230 154189
1231 154358
1232 154464
1233 154480
1234 154576
1235 154644
1236 154678
1237 155055
1238 155094
1239 155221
1240 155295
1241 155350
1242 155450
1243 155575
1244 155728
1245 156177
1246 156242
1247 156300
1248 156401
1249 156405
1250 156597
1251 156786
1252 156880
1253 157000
1254 157089
1255 157285
1256 157285
1257 157386
1258 157416
1259 157452
1260 157456
1261 157472
1262 157664
1263 157764
1264 158084
1265 158116
1266 158120
1267 158246
1268 158302
1269 158373
1270 158430
1271 158711
1272 158827
1273 158839
1274 158892
1275 158940
1276 159002
1277 159302
1278 159565
1279 159621
1280 159668
1281 159782
1282 159835
1283 159943
1284 159966
1285 160170
1286 160309
1287 160379
1288 160392
1289 160409
1290 160539
1291 160587
1292 160678
1293 160734
1294 160741
1295 160749
1296 161006
1297 161008
1298 161070
1299 161095
1300 161119
1301 161274
1302 161315
1303 161784
1304 161839
1305 161856
1306 161945
1307 161999
1308 162021
1309 162082
1310 162170
1311 162259
1312 162334
1313 162808
1314 162834
1315 162841
1316 163101
1317 163130
1318 163223
1319 163226
1320 163363
1321 163916
1322 164041
1323 164086
1324 164128
1325 164220
1326 164264
1327 164558
1328 164593
1329 164688
1330 164692
1331 165011
1332 165029
1333 165094
1334 165306
1335 165351
1336 165454
1337 165713
1338 166138
1339 166158
1340 166417
1341 166625
1342 166666
1343 166900
1344 166917
1345 166922
1346 166967
1347 167756
1348 168039
1349 168046
1350 168355
1351 168544
1352 168582
1353 168619
1354 168708
1355 168742
1356 168759
1357 168904
1358 168959
1359 169730
1360 170186
1361 170332
1362 170427
1363 170617
1364 170728
1365 171055
1366 171055
1367 171443
1368 171460
1369 171671
1370 171684
1371 171753
1372 171830
1373 171863
1374 171871
1375 171901
1376 172156
1377 172229
1378 172784
1379 172916
1380 172967
1381 172975
1382 173020
1383 173035
1384 173093
1385 173148
1386 173353
1387 173444
1388 173596
1389 173636
1390 173641
1391 173771
1392 173802
1393 173969
1394 174094
1395 174204
1396 174222
1397 174247
1398 174417
1399 174594
1400 174644
1401 174765
1402 174884
1403 174890
1404 174942
1405 175025
1406 175194
1407 175403
1408 175421
1409 175486
1410 175737
1411 175743
1412 175750
1413 175863
1414 176059
1415 176098
1416 176302
1417 176451
1418 176468
1419 176522
1420 176552
1421 176703
1422 176736
1423 176760
1424 176761
1425 176864
1426 176984
1427 177336
1428 177504
1429 177577
1430 177609
1431 177649
1432 177859
1433 178178
1434 178306
1435 178342
1436 178408
1437 178458
1438 178499
1439 178787
1440 178802
1441 179397
1442 179415
1443 179564
1444 179609
1445 180049
1446 180295
1447 180340
1448 180356
1449 180471
1450 180474
1451 180483
1452 180572
1453 180845
1454 180875
1455 181014
1456 181103
1457 181180
1458 181222
1459 181390
1460 181483
1461 181806
1462 181894
1463 182092
1464 182180
1465 182354
1466 182445
1467 182671
1468 182673
1469 182703
1470 182759
1471 182906
1472 183006
1473 183352
1474 183423
1475 183620
1476 184059
1477 184247
1478 184328
1479 184485
1480 184591
1481 184747
1482 184753
1483 184931
1484 184999
1485 185237
1486 185506
1487 185560
1488 185642
1489 185813
1490 186437
1491 186494
1492 186754
1493 186907
1494 186976
1495 186994
1496 187005
1497 187281
1498 187356
1499 187416
1500 187784
1501 187791
1502 187869
1503 188516
1504 188606
1505 188693
1506 188740
1507 188789
1508 188992
1509 189676
1510 189787
1511 189808
1512 189969
1513 189973
1514 189989
1515 190031
1516 190127
1517 190239
1518 190574
1519 190647
1520 190889
1521 190941
1522 190959
1523 190985
1524 191015
1525 191088
1526 191131
1527 191493
1528 191581
1529 191758
1530 191882
1531 192338
1532 192455
1533 192486
1534 192567
1535 192737
1536 192747
1537 192823
1538 192910
1539 192932
1540 193231
1541 193353
1542 193506
1543 194132
1544 194243
1545 194391
1546 194397
1547 194495
1548 194794
1549 194887
1550 194902
1551 195004
1552 195054
1553 195132
1554 195460
1555 195568
1556 195661
1557 195917
1558 196190
1559 196269
1560 197423
1561 197428
1562 197655
1563 197690
1564 197814
1565 197852
1566 197947
1567 198043
1568 198065
1569 198127
1570 198154
1571 198317
1572 198353
1573 198605
1574 198813
1575 198906
1576 198945
1577 199048
1578 199065
1579 199101
1580 199122
1581 199738
1582 199855
1583 200070
1584 200170
1585 200442
1586 200737
1587 200783
1588 200897
1589 200991
1590 201006
1591 201025
1592 201070
1593 201284
1594 201296
1595 201491
1596 201524
1597 201539
1598 201540
1599 201554
1600 201560
1601 201616
1602 201809
1603 201929
1604 202046
1605 202275
1606 202357
1607 202704
1608 202848
1609 203015
1610 203079
1611 203203
1612 203345
1613 203424
1614 203442
1615 203843
1616 204082
1617 204474
1618 204520
1619 204725
1620 205038
1621 205043
1622 205279
1623 205431
1624 205672
1625 205785
1626 206141
1627 206240
1628 206415
1629 206505
1630 206565
1631 206730
1632 206840
1633 206968
1634 206984
1635 207142
1636 207238
1637 207534
1638 207731
1639 207897
1640 208287
1641 208328
1642 208333
1643 208447
1644 208509
1645 208513
1646 208531
1647 209323
1648 209506
1649 209633
1650 209747
1651 210143
1652 210344
1653 210414
1654 210433
1655 210498
1656 210673
1657 210747
1658 210847
1659 210983
1660 211054
1661 211531
1662 211688
1663 211716
1664 211827
1665 211838
1666 211844
1667 211933
1668 211983
1669 211988
1670 212043
1671 212351
1672 212517
1673 212539
1674 212626
1675 212768
1676 212870
1677 212977
1678 213155
1679 213156
1680 213374
1681 213386
1682 213509
1683 213584
1684 213601
1685 213984
1686 214191
1687 214209
1688 214380
1689 214470
1690 214504
1691 214581
1692 214582
1693 214702
1694 215286
1695 215315
1696 215490
1697 215604
1698 215676
1699 215984
1700 216367
1701 216603
1702 216690
1703 216846
1704 216955
1705 217256
1706 217717
1707 217811
1708 218033
1709 218069
1710 218142
1711 218192
1712 218380
1713 218507
1714 218593
1715 218602
1716 218627
1717 218740
1718 219259
1719 219273
1720 219358
1721 219392
1722 219555
1723 219652
1724 219889
1725 219898
1726 219960
1727 220261
1728 220662
1729 220975
1730 221134
1731 221346
1732 221676
1733 221840
1734 221977
1735 222044
1736 222476
1737 222512
1738 222523
1739 222761
1740 222929
1741 223441
1742 223470
1743 223547
1744 223703
1745 223768
1746 223929
1747 223933
1748 223974
1749 224041
1750 224226
1751 224320
1752 224381
1753 224526
1754 224570
1755 224609
1756 224662
1757 224665
1758 224763
1759 224964
1760 225179
1761 225469
1762 225474
1763 225581
1764 225709
1765 225733
1766 225787
1767 225814
1768 225846
1769 225997
1770 226136
1771 226136
1772 226148
1773 226167
1774 226228
1775 226229
1776 226346
1777 226388
1778 226423
1779 226551
1780 226610
1781 226663
1782 226770
1783 226826
1784 227083
1785 227189
1786 227287
1787 227499
1788 227503
1789 227512
1790 227523
1791 227647
1792 228073
1793 228124
1794 228136
1795 228305
1796 228341
1797 228375
1798 228449
1799 228572
1800 228573
1801 228671
1802 228785
1803 228820
1804 228829
1805 228832
1806 228863
1807 228898
1808 228913
1809 229040
1810 229066
1811 229244
1812 229420
1813 229478
1814 229501
1815 229735
1816 230016
1817 230262
1818 230325
1819 230380
1820 230535
1821 230615
1822 230763
1823 230845
1824 230931
1825 230997
1826 231227
1827 231260
1828 231386
1829 231671
1830 231774
1831 232024
1832 232100
1833 232592
1834 232814
1835 232886
1836 233083
1837 233110
1838 233347
1839 233459
1840 233843
1841 233853
1842 233881
1843 233994
1844 234132
1845 234240
1846 234507
1847 234511
1848 234519
1849 234657
1850 234695
1851 234862
1852 234867
1853 234873
1854 235076
1855 235146
1856 235219
1857 235245
1858 235384
1859 235464
1860 235612
1861 235785
1862 235809
1863 235867
1864 235952
1865 236055
1866 236252
1867 236439
1868 236526
1869 236747
1870 236833
1871 236839
1872 236912
1873 236939
1874 237472
1875 237531
1876 237594
1877 238008
1878 238052
1879 238054
1880 238123
1881 238156
1882 238357
1883 238641
1884 238696
1885 238918
1886 239032
1887 239038
1888 239055
1889 239168
1890 239365
1891 239369
1892 239794
1893 240132
1894 240156
1895 240173
1896 240334
1897 240490
1898 240499
1899 240643
1900 240748
1901 240827
1902 240881
1903 241230
1904 241421
1905 241460
1906 241477
1907 241588
1908 241790
1909 241857
1910 242165
1911 242196
1912 242242
1913 242274
1914 242646
1915 242795
1916 242968
1917 243356
1918 243537
1919 243805
1920 243837
1921 243989
1922 244042
1923 244291
1924 244377
1925 244757
1926 244847
1927 244980
1928 245262
1929 245562
1930 245668
1931 245701
1932 245739
1933 246095
1934 246230
1935 246512
1936 246693
1937 246748
1938 246804
1939 246860
1940 246893
1941 247079
1942 247318
1943 247531
1944 248011
1945 248068
1946 248115
1947 248223
1948 248241
1949 248305
1950 248358
1951 248424
1952 248623
1953 248719
1954 248741
1955 248767
1956 248898
1957 248998
1958 249216
1959 249354
1960 249553
1961 249589
1962 249636
1963 249651
1964 249662
1965 249761
1966 249911
1967 249923
1968 250161
1969 250355
1970 250390
1971 250461
1972 250658
1973 250819
1974 250952
1975 251010
1976 251165
1977 251223
1978 251240
1979 251244
1980 251404
1981 251498
1982 251512
1983 251667
1984 251746
1985 252009
1986 252027
1987 252077
1988 252095
1989 252123
1990 252284
1991 252438
1992 252507
1993 252599
1994 252636
1995 252867
1996 252877
1997 252891
1998 252999
1999 253334
2000 253417
2001 253486
2002 253549
2003 253650
2004 253727
2005 253755
2006 253809
2007 253810
2008 253842
2009 253879
2010 253884
2011 254148
2012 254204
2013 254337
2014 254380
2015 254511
2016 254747
2017 254882
2018 255024
2019 255095
2020 255255
2021 255314
2022 255474
2023 255647
2024 255649
2025 255824
2026 256019
2027 256190
2028 256257
2029 256364
2030 256668
2031 256870
2032 256898
2033 257055
2034 257110
2035 257178
2036 257188
2037 257190
2038 257208
2039 257662
2040 257839
2041 258018
2042 258022
2043 258124
2044 258168
2045 258249
2046 258407
2047 258437
2048 258466
2049 258725
2050 258749
2051 258815
2052 258905
2053 259014
2054 259036
2055 259186
2056 259446
2057 259592
2058 259694
2059 259703
2060 259719
2061 259820
2062 260078
2063 260091
2064 260586
2065 260666
2066 260682
2067 260772
2068 260775
2069 260855
2070 260973
2071 260998
2072 261151
2073 261196
2074 261223
2075 261523
2076 261818
2077 261981
2078 261998
2079 262106
2080 262293
2081 262349
2082 262516
2083 262604
2084 262890
2085 263067
2086 263152
2087 263247
2088 263277
2089 263374
2090 263439
2091 263751
2092 263786
2093 264199
2094 264201
2095 264297
2096 264297
2097 264662
2098 264676
2099 264677
2100 264759
2101 264876
2102 264889
2103 265008
2104 265250
2105 265318
2106 265326
2107 265885
2108 266240
2109 266533
2110 266564
2111 266566
2112 266606
2113 266620
2114 266654
2115 266662
2116 266853
2117 266982
2118 267288
2119 267544
2120 267595
2121 267932
2122 267934
2123 268020
2124 268026
2125 268120
2126 268190
2127 268429
2128 268496
2129 268504
2130 268525
2131 268552
2132 268649
2133 268694
2134 268793
2135 268934
2136 268945
2137 269147
2138 269150
2139 269210
2140 269251
2141 269541
2142 269676
2143 269728
2144 269786
2145 269796
2146 270093
2147 270188
2148 270243
2149 270441
2150 270456
2151 270514
2152 270552
2153 271037
2154 271104
2155 271204
2156 271275
2157 271403
2158 271437
2159 271595
2160 271674
2161 271755
2162 271814
2163 271931
2164 272011
2165 272035
2166 272312
2167 272408
2168 272435
2169 272492
2170 272692
2171 273136
2172 273139
2173 273196
2174 273335
2175 273348
2176 273478
2177 273505
2178 273597
2179 273643
2180 273688
2181 273997
2182 274154
2183 274446
2184 274688
2185 274877
2186 274881
2187 275016
2188 275052
2189 275176
2190 275624
2191 275634
2192 275682
2193 275812
2194 275812
2195 276311
2196 276370
2197 276456
2198 276678
2199 276686
2200 276713
2201 276722
2202 276971
2203 277003
2204 277027
2205 277145
2206 277147
2207 277174
2208 277178
2209 277596
2210 277690
2211 277694
2212 277755
2213 277786
2214 277853
2215 278094
2216 278302
2217 278375
2218 278426
2219 278685
2220 278696
2221 278737
2222 278756
2223 278786
2224 278835
2225 278854
2226 279234
2227 279320
2228 279529
2229 279573
2230 279648
2231 279675
2232 279733
2233 279825
2234 279888
2235 279897
2236 279961
2237 280067
2238 280455
2239 280560
2240 280730
2241 281201
2242 281396
2243 281742
2244 281773
2245 281828
2246 281843
2247 281925
2248 281957
2249 281985
2250 282355
2251 282469
2252 282604
2253 282813
2254 282825
2255 282857
2256 282905
2257 283450
2258 283478
2259 283552
2260 283626
2261 283636
2262 283694
2263 283940
2264 283950
2265 284183
2266 284352
2267 285015
2268 285016
2269 285098
2270 285449
2271 285528
2272 285624
2273 285715
2274 285960
2275 286065
2276 286181
2277 286182
2278 286196
2279 286262
2280 286355
2281 286366
2282 286387
2283 286496
2284 286520
2285 286740
2286 286858
2287 287152
2288 287184
2289 287238
2290 287488
2291 287555
2292 287593
2293 287610
2294 287697
2295 288000
2296 288008
2297 288364
2298 288380
2299 288495
2300 288592
2301 288927
2302 289044
2303 289086
2304 289101
2305 289116
2306 289303
2307 289320
2308 289557
2309 289621
2310 289676
2311 289940
2312 290167
2313 290441
2314 290446
2315 290499
2316 290515
2317 290541
2318 290797
2319 291068
2320 291138
2321 291287
2322 291421
2323 291508
2324 291593
2325 291731
2326 292066
2327 292103
2328 292117
2329 292228
2330 292246
2331 292540
2332 292616
2333 292709
2334 292842
2335 292882
2336 293114
2337 293148
2338 293166
2339 293371
2340 293400
2341 293449
2342 293739
2343 293757
2344 293942
2345 294243
2346 294345
2347 294511
2348 294670
2349 294671
2350 294878
2351 295001
2352 295137
2353 295537
2354 295606
2355 295721
2356 295870
2357 295874
2358 296014
2359 296128
2360 296445
2361 296448
2362 296594
2363 296863
2364 297039
2365 297084
2366 297244
2367 297412
2368 297895
2369 297897
2370 297960
2371 298134
2372 298260
2373 298338
2374 298372
2375 298452
2376 298602
2377 298645
2378 298662
2379 298671
2380 298689
2381 299582
2382 299655
2383 299792
2384 300010
2385 300147
2386 300395
2387 300473
2388 300522
2389 300601
2390 300608
2391 300626
2392 300890
2393 300901
2394 301082
2395 301145
2396 301314
2397 301501
2398 301611
2399 301751
2400 301838
2401 301960
2402 302094
2403 302205
2404 302249
2405 302279
2406 302480
2407 302686
2408 302760
2409 303040
2410 303111
2411 303485
2412 303808
2413 303909
2414 304014
2415 304168
2416 304320
2417 304467
2418 304557
2419 304564
2420 304799
2421 305154
2422 305264
2423 305486
2424 305543
2425 305780
2426 305825
2427 306347
2428 306496
2429 306564
2430 306608
2431 306717
2432 306774
2433 306853
2434 306917
2435 306948
2436 307184
2437 307399
2438 307573
2439 307709
2440 307771
2441 307843
2442 308302
2443 308306
2444 308329
2445 308577
2446 308953
2447 308957
2448 309103
2449 309214
2450 309348
2451 309404
2452 309498
2453 309642
2454 309742
2455 309823
2456 310054
2457 310545
2458 310688
2459 310890
2460 310894
2461 311134
2462 311338
2463 311641
2464 311763
2465 311867
2466 311917
2467 312095
2468 312096
2469 312142
2470 312197
2471 312375
2472 312510
2473 312861
2474 312894
2475 312923
2476 313010
2477 313019
2478 313319
2479 313653
2480 313779
2481 313822
2482 314026
2483 314094
2484 314241
2485 314468
2486 314490
2487 314596
2488 314782
2489 314884
2490 314948
2491 315123
2492 315127
2493 315211
2494 315231
2495 315339
2496 315351
2497 315404
2498 315726
2499 315737
2500 315986
2501 316011
2502 316197
2503 316234
2504 316237
2505 316341
2506 316532
2507 316672
2508 316703
2509 316780
2510 316805
2511 316882
2512 316916
2513 317001
2514 317146
2515 317204
2516 317205
2517 317371
2518 317536
2519 317569
2520 317703
2521 317795
2522 318225
2523 318290
2524 318340
2525 318747
2526 318872
2527 318929
2528 319229
2529 320037
2530 320168
2531 320338
2532 320607
2533 320645
2534 320841
2535 321298
2536 321664
2537 321740
2538 322048
2539 322111
2540 322310
2541 322559
2542 322585
2543 322613
2544 322637
2545 322654
2546 322704
2547 322844
2548 322949
2549 322995
2550 323034
2551 323109
2552 323259
2553 323397
2554 323688
2555 323827
2556 323841
2557 323996
2558 324095
2559 324129
2560 324199
2561 324259
2562 324275
2563 324413
2564 324625
2565 324638
2566 324676
2567 324788
2568 324816
2569 324855
2570 324877
2571 325015
2572 325309
2573 325370
2574 325486
2575 325554
2576 325619
2577 325624
2578 325695
2579 325744
2580 325795
2581 325840
2582 325958
2583 326039
2584 326168
2585 326234
2586 326243
2587 326380
2588 326473
2589 326728
2590 326996
2591 327012
2592 327302
2593 327322
2594 327332
2595 327353
2596 327429
2597 327687
2598 327766
2599 327832
2600 327925
2601 327965
2602 327980
2603 327994
2604 328009
2605 328235
2606 328303
2607 328457
2608 328457
2609 328632
2610 328824
2611 328991
2612 329512
2613 329591
2614 329593
2615 329725
2616 330134
2617 330360
2618 330571
2619 330597
2620 330716
2621 330846
2622 330881
2623 331197
2624 331225
2625 331306
2626 331487
2627 331710
2628 331894
2629 332016
2630 332109
2631 332442
2632 332859
2633 332965
2634 333047
2635 333221
2636 333530
2637 333621
2638 333673
2639 333932
2640 333943
2641 333968
2642 334052
2643 334223
2644 334245
2645 334250
2646 334315
2647 334325
2648 334466
2649 334472
2650 334615
2651 334814
2652 334922
2653 334925
2654 335001
2655 335023
2656 335392
2657 335449
2658 335526
2659 335640
2660 335648
2661 335719
2662 335745
2663 335755
2664 335784
2665 336282
2666 336320
2667 336459
2668 336495
2669 336576
2670 336635
2671 336752
2672 336754
2673 336905
2674 336968
2675 336986
2676 337083
2677 337214
2678 337381
2679 337526
2680 337669
2681 337824
2682 338029
2683 338705
2684 338776
2685 338778
2686 338796
2687 338851
2688 338876
2689 338992
2690 339014
2691 339100
2692 339161
2693 339475
2694 339481
2695 339498
2696 339779
2697 339786
2698 339797
2699 339853
2700 340104
2701 340275
2702 340374
2703 340528
2704 340604
2705 340644
2706 340713
2707 340821
2708 340927
2709 341065
2710 341065
2711 341550
2712 341586
2713 341589
2714 341635
2715 341649
2716 341804
2717 341948
2718 342046
2719 342337
2720 342389
2721 342415
2722 342464
2723 342635
2724 342701
2725 342729
2726 342923
2727 342948
2728 342983
2729 342983
2730 343085
2731 343699
2732 344067
2733 344071
2734 344123
2735 344227
2736 344327
2737 344604
2738 344757
2739 344903
2740 344925
2741 344929
2742 345114
2743 345159
2744 345210
2745 345503
2746 345527
2747 345571
2748 345873
2749 345947
2750 346098
2751 346344
2752 346396
2753 346409
2754 346481
2755 346812
2756 346878
2757 346936
2758 346952
2759 347154
2760 347169
2761 347256
2762 347407
2763 347556
2764 347838
2765 348173
2766 348233
2767 348261
2768 348941
2769 349439
2770 349473
2771 349585
2772 349611
2773 350016
2774 350076
2775 350194
2776 350248
2777 350322
2778 350606
2779 350868
2780 351077
2781 351327
2782 351360
2783 351414
2784 351633
2785 351830
2786 351897
2787 352038
2788 352313
2789 352440
2790 352501
2791 352517
2792 352660
2793 352713
2794 352764
2795 352779
2796 353037
2797 353066
2798 353087
2799 353133
2800 353171
2801 353292
2802 353523
2803 353586
2804 353765
2805 353801
2806 353823
2807 353919
2808 353937
2809 354063
2810 354229
2811 354650
2812 354677
2813 354714
2814 354747
2815 354860
2816 354938
2817 355037
2818 355155
2819 355166
2820 355186
2821 355582
2822 355728
2823 356057
2824 356086
2825 356154
2826 356307
2827 356328
2828 356438
2829 356599
2830 356607
2831 356718
2832 356814
2833 356883
2834 356982
2835 357034
2836 357109
2837 357114
2838 357151
2839 357330
2840 357786
2841 357906
2842 358099
2843 358340
2844 358420
2845 358458
2846 358605
2847 358628
2848 358699
2849 358789
2850 358795
2851 358812
2852 359017
2853 359256
2854 359534
2855 359612
2856 359649
2857 359672
2858 359720
2859 359933
2860 359953
2861 360105
2862 360138
2863 360284
2864 360301
2865 360888
2866 360996
2867 361111
2868 361149
2869 361216
2870 361293
2871 362088
2872 362400
2873 362447
2874 363173
2875 363339
2876 363553
2877 363762
2878 363921
2879 363943
2880 363960
2881 364095
2882 364125
2883 364236
2884 364512
2885 364673
2886 365126
2887 365365
2888 365398
2889 365695
2890 365827
2891 365855
2892 366176
2893 366178
2894 366403
2895 366452
2896 366484
2897 366558
2898 366744
2899 367281
2900 367368
2901 367424
2902 367662
2903 367759
2904 367773
2905 367820
2906 367834
2907 367964
2908 368032
2909 368268
2910 368374
2911 368503
2912 368897
2913 368971
2914 369032
2915 369091
2916 369150
2917 369227
2918 369404
2919 369458
2920 369650
2921 369767
2922 369791
2923 369919
2924 370056
2925 370084
2926 370263
2927 370270
2928 370356
2929 370631
2930 371000
2931 371050
2932 371195
2933 371243
2934 371281
2935 371438
2936 371519
2937 371677
2938 371765
2939 371993
2940 372008
2941 372044
2942 372468
2943 372722
2944 372773
2945 372800
2946 372997
2947 373010
2948 373024
2949 373292
2950 373561
2951 373580
2952 373732
2953 373769
2954 373807
2955 374071
2956 374142
2957 374267
2958 374307
2959 374359
2960 374392
2961 374424
2962 374460
2963 374510
2964 374613
2965 374750
2966 374970
2967 375041
2968 375059
2969 375153
2970 375159
2971 375198
2972 375338
2973 375457
2974 375577
2975 375710
2976 375753
2977 375980
2978 376012
2979 376017
2980 376067
2981 376209
2982 376244
2983 376289
2984 376321
2985 376758
2986 377087
2987 377152
2988 377187
2989 377202
2990 377325
2991 377493
2992 377551
2993 377674
2994 377795
2995 377831
2996 377875
2997 378127
2998 378397
2999 378408
3000 378529
3001 378653
3002 379036
3003 379218
3004 379266
3005 379276
3006 379479
3007 379499
3008 379569
3009 379822
3010 380022
3011 380102
3012 380135
3013 380171
3014 380211
3015 380226
3016 380392
3017 380439
3018 380565
3019 380599
3020 380739
3021 380898
3022 380939
3023 380984
3024 380987
3025 381747
3026 381866
3027 381966
3028 382121
3029 382193
3030 382262
3031 382456
3032 382533
3033 382540
3034 382616
3035 382765
3036 382815
3037 382925
3038 382950
3039 383165
3040 383255
3041 383261
3042 383278
3043 383446
3044 383456
3045 383465
3046 383747
3047 383806
3048 383869
3049 384197
3050 384202
3051 384213
3052 384224
3053 384258
3054 384271
3055 384631
3056 385092
3057 385221
3058 385494
3059 385507
3060 386005
3061 386229
3062 386285
3063 386363
3064 386469
3065 386482
3066 386518
3067 386845
3068 386853
3069 387040
3070 387155
3071 387174
3072 387380
3073 387591
3074 387928
3075 388073
3076 388135
3077 388672
3078 388772
3079 388958
3080 389046
3081 389059
3082 389064
3083 389082
3084 389103
3085 389196
3086 389275
3087 389429
3088 389580
3089 389730
3090 389803
3091 390319
3092 390435
3093 390446
3094 390464
3095 390494
3096 390598
3097 390635
3098 390767
3099 390825
3100 390904
3101 390962
3102 391077
3103 391146
3104 391234
3105 391286
3106 391298
3107 391509
3108 391629
3109 391641
3110 391707
3111 391806
3112 391825
3113 391833
3114 391873
3115 391985
3116 391992
3117 392005
3118 392094
3119 392570
3120 392995
3121 393281
3122 393342
3123 393392
3124 393584
3125 393673
3126 393740
3127 393903
3128 393911
3129 393972
3130 394063
3131 394090
3132 394221
3133 394833
3134 394922
3135 395003
3136 395235
3137 395316
3138 395498
3139 395629
3140 395808
3141 395813
3142 395879
3143 396189
3144 396221
3145 396240
3146 396309
3147 396337
3148 396400
3149 396415
3150 396673
3151 396748
3152 396943
3153 396981
3154 397021
3155 397071
3156 397347
3157 397733
3158 397975
3159 398020
3160 398122
3161 398604
3162 398634
3163 398690
3164 398842
3165 399028
3166 399098
3167 399367
3168 399391
3169 399501
3170 399590
3171 399659
3172 399733
3173 399967
3174 400015
3175 400078
3176 400383
3177 400427
3178 400440
3179 400471
3180 400676
3181 400827
3182 401006
3183 401201
3184 401224
3185 401255
3186 401534
3187 401858
3188 401910
3189 401943
3190 401944
3191 402053
3192 402125
3193 402149
3194 402445
3195 402579
3196 402781
3197 403351
3198 403416
3199 403558
3200 403888
3201 404068
3202 404284
3203 404356
3204 404514
3205 404604
3206 404711
3207 404736
3208 404960
3209 404972
3210 405148
3211 405241
3212 405577
3213 405638
3214 405739
3215 405996
3216 406055
3217 406239
3218 406244
3219 406487
3220 406611
3221 406629
3222 406634
3223 406654
3224 406876
3225 407004
3226 407077
3227 407184
3228 407206
3229 407290
3230 407302
3231 407497
3232 407557
3233 407583
3234 407604
3235 407731
3236 408194
3237 408201
3238 408322
3239 408357
3240 408509
3241 408587
3242 408600
3243 408626
3244 408663
3245 408837
3246 409100
3247 409136
3248 409268
3249 409387
3250 409408
3251 409642
3252 409724
3253 409746
3254 409882
3255 409955
3256 410029
3257 410111
3258 410113
3259 410289
3260 410458
3261 410478
3262 410485
3263 410487
3264 410513
3265 410514
3266 410597
3267 410700
3268 410942
3269 411095
3270 411160
3271 411218
3272 411355
3273 411451
3274 412124
3275 412348
3276 412393
3277 412475
3278 412477
3279 412586
3280 412748
3281 412799
3282 412840
3283 413279
3284 413356
3285 413382
3286 413407
3287 413513
3288 413634
3289 413643
3290 413726
3291 413804
3292 413906
3293 413944
3294 413994
3295 414047
3296 414092
3297 414193
3298 414339
3299 414567
3300 414694
3301 414768
3302 414847
3303 415039
3304 415044
3305 415091
3306 415160
3307 415233
3308 415306
3309 415317
3310 415388
3311 415662
3312 415771
3313 415777
3314 415784
3315 416101
3316 416459
3317 416615
3318 416910
3319 416950
3320 417124
3321 417370
3322 417440
3323 417561
3324 417669
3325 417686
3326 417692
3327 417800
3328 417895
3329 418063
3330 418081
3331 418241
3332 418325
3333 418333
3334 418339
3335 418597
3336 418655
3337 418712
3338 418843
3339 418867
3340 418870
3341 418892
3342 418895
3343 419139
3344 419323
3345 419447
3346 419606
3347 419905
3348 419964
3349 419999
3350 420061
3351 420117
3352 420418
3353 420424
3354 420799
3355 420843
3356 421113
3357 421246
3358 421365
3359 421432
3360 421487
3361 422074
3362 422493
3363 422528
3364 422578
3365 423150
3366 423207
3367 423251
3368 423333
3369 423350
3370 423527
3371 423568
3372 423625
3373 423735
3374 423777
3375 423990
3376 424366
3377 424408
3378 424487
3379 424506
3380 424734
3381 425098
3382 425121
3383 425149
3384 425249
3385 425304
3386 425519
3387 425606
3388 425905
3389 426082
3390 426109
3391 426232
3392 426250
3393 426382
3394 426517
3395 426591
3396 426624
3397 426770
3398 426808
3399 426867
3400 427044
3401 427108
3402 427126
3403 427600
3404 427627
3405 427744
3406 427754
3407 427911
3408 427946
3409 428033
3410 428234
3411 428273
3412 428334
3413 428422
3414 428635
3415 428912
3416 429053
3417 429386
3418 429403
3419 429578
3420 429918
3421 429996
3422 430065
3423 430088
3424 430113
3425 430116
3426 430157
3427 430252
3428 430259
3429 430348
3430 430820
3431 431175
3432 431639
3433 432260
3434 432356
3435 432498
3436 432620
3437 432811
3438 432847
3439 432936
3440 433017
3441 433042
3442 433206
3443 433412
3444 433430
3445 433760
3446 434037
3447 434084
3448 434224
3449 434249
3450 434361
3451 434442
3452 434470
3453 434617
3454 434631
3455 434671
3456 434675
3457 434716
3458 434884
3459 434989
3460 435032
3461 435066
3462 435141
3463 435347
3464 435410
3465 435481
3466 435489
3467 435588
3468 435730
3469 435825
3470 435938
3471 436343
3472 436539
3473 436550
3474 436677
3475 436820
3476 436915
3477 436971
3478 437121
3479 437177
3480 437186
3481 437368
3482 437393
3483 437502
3484 437802
3485 438218
3486 438284
3487 438402
3488 438406
3489 438541
3490 438592
3491 438757
3492 438957
3493 438970
3494 439292
3495 439348
3496 439420
3497 439459
3498 439636
3499 439882
3500 440054
3501 440079
3502 440375
3503 440386
3504 440510
3505 440717
3506 440831
3507 441073
3508 441080
3509 441156
3510 441182
3511 441224
3512 441473
3513 441537
3514 441657
3515 441853
3516 441879
3517 441880
3518 441980
3519 442133
3520 442201
3521 442225
3522 442380
3523 442456
3524 442830
3525 442882
3526 443078
3527 443106
3528 443173
3529 443217
3530 443246
3531 443573
3532 443582
3533 443672
3534 444213
3535 444291
3536 444451
3537 444491
3538 444723
3539 445007
3540 445095
3541 445121
3542 445123
3543 445209
3544 445400
3545 445400
3546 445453
3547 445527
3548 445756
3549 445840
3550 445975
3551 446062
3552 446201
3553 446249
3554 446303
3555 446338
3556 446357
3557 446532
3558 446578
3559 446702
3560 446744
3561 446759
3562 446797
3563 446927
3564 447029
3565 447506
3566 447834
3567 447894
3568 447917
3569 447919
3570 447971
3571 448393
3572 448435
3573 448674
3574 448708
3575 448779
3576 448804
3577 448905
3578 448948
3579 448953
3580 449076
3581 449088
3582 449149
3583 449233
3584 449479
3585 449705
3586 450008
3587 450095
3588 450107
3589 450513
3590 450587
3591 451021
3592 451057
3593 451132
3594 451325
3595 451502
3596 451593
3597 451841
3598 451852
3599 451946
3600 452207
3601 452331
3602 452439
3603 452542
3604 452762
3605 452893
3606 452932
3607 452950
3608 452987
3609 453053
3610 453136
3611 453139
3612 453256
3613 453396
3614 453456
3615 453471
3616 453661
3617 453724
3618 453743
3619 453846
3620 453880
3621 453964
3622 454271
3623 454482
3624 454574
3625 454632
3626 454650
3627 454814
3628 454816
3629 454899
3630 455106
3631 455483
3632 455501
3633 455565
3634 455620
3635 455685
3636 455950
3637 456017
3638 456103
3639 456136
3640 456244
3641 456337
3642 456369
3643 456376
3644 456451
3645 456464
3646 456759
3647 456767
3648 456770
3649 456899
3650 456946
3651 457137
3652 457137
3653 457162
3654 457185
3655 457435
3656 457537
3657 457638
3658 457712
3659 457754
3660 457982
3661 458049
3662 458062
3663 458098
3664 458195
3665 458251
3666 458485
3667 458624
3668 458683
3669 458882
3670 458926
3671 459359
3672 459477
3673 459637
3674 459854
3675 459965
3676 460355
3677 460617
3678 460667
3679 461150
3680 461741
3681 461811
3682 461821
3683 461839
3684 462205
3685 462365
3686 462370
3687 462516
3688 462704
3689 463025
3690 463056
3691 463373
3692 463586
3693 463652
3694 463759
3695 463811
3696 463822
3697 463828
3698 464194
3699 464290
3700 464364
3701 464571
3702 464647
3703 464692
3704 465020
3705 465053
3706 465243
3707 465416
3708 465498
3709 465571
3710 465658
3711 465930
3712 466021
3713 466601
3714 466604
3715 466637
3716 466713
3717 467023
3718 467096
3719 467195
3720 467325
3721 467494
3722 468069
3723 468104
3724 468195
3725 468247
3726 468276
3727 468357
3728 468415
3729 468527
3730 468578
3731 468605
3732 468655
3733 468730
3734 469069
3735 469143
3736 469190
3737 469310
3738 469400
3739 469415
3740 469432
3741 469599
3742 469626
3743 469858
3744 469986
3745 470068
3746 470304
3747 470520
3748 470531
3749 470689
3750 470993
3751 471014
3752 471271
3753 471469
3754 471661
3755 471705
3756 471836
3757 471975
3758 472014
3759 472016
3760 472221
3761 472249
3762 472331
3763 472482
3764 472647
3765 472707
3766 472879
3767 473095
3768 473432
3769 473445
3770 473543
3771 473604
3772 473683
3773 474050
3774 474219
3775 474378
3776 474855
3777 474994
3778 475144
3779 475242
3780 475368
3781 475525
3782 475646
3783 476024
3784 476281
3785 476413
3786 476630
3787 476679
3788 476721
3789 476851
3790 476949
3791 476988
3792 477003
3793 477051
3794 477242
3795 477291
3796 477325
3797 477369
3798 477384
3799 477497
3800 477612
3801 477627
3802 477645
3803 477703
3804 477827
3805 477828
3806 478360
3807 478508
3808 478543
3809 478689
3810 478889
3811 478915
3812 479002
3813 479188
3814 479256
3815 479342
3816 479509
3817 479593
3818 479594
3819 479619
3820 479745
3821 479877
3822 479991
3823 480046
3824 480269
3825 480271
3826 480295
3827 480329
3828 480568
3829 480757
3830 480821
3831 480957
3832 481079
3833 481179
3834 481362
3835 481531
3836 481792
3837 481991
3838 482092
3839 482095
3840 482111
3841 482433
3842 482544
3843 482570
3844 482610
3845 482702
3846 482908
3847 482981
3848 482990
3849 483086
3850 483248
3851 483302
3852 483490
3853 483509
3854 483696
3855 483794
3856 483832
3857 484071
3858 484234
3859 484491
3860 484498
3861 484542
3862 484749
3863 484882
3864 484901
3865 485076
3866 485092
3867 485208
3868 485378
3869 485721
3870 485813
3871 485917
3872 485935
3873 485959
3874 486154
3875 486186
3876 486281
3877 486540
3878 486546
3879 486555
3880 486688
3881 487426
3882 487756
3883 487871
3884 487892
3885 487986
3886 488255
3887 488361
3888 488383
3889 488478
3890 488587
3891 488609
3892 488784
3893 488792
3894 488837
3895 488868
3896 488876
3897 489196
3898 489335
3899 489421
3900 489619
3901 489636
3902 489891
3903 490064
3904 490234
3905 490295
3906 490325
3907 490377
3908 490568
3909 490576
3910 490624
3911 490657
3912 490917
3913 491002
3914 491062
3915 491110
3916 491115
3917 491220
3918 491386
3919 491778
3920 491837
3921 492166
3922 492232
3923 492238
3924 492355
3925 492420
3926 492747
3927 492758
3928 492849
3929 493206
3930 493236
3931 493380
3932 493508
3933 493529
3934 493544
3935 493982
3936 493985
3937 493992
3938 494235
3939 494293
3940 494554
3941 494861
3942 495054
3943 495498
3944 495610
3945 495637
3946 495871
3947 495989
3948 496083
3949 496208
3950 496212
3951 496280
3952 496414
3953 496532
3954 496556
3955 496588
3956 496678
3957 496678
3958 496688
3959 496804
3960 496959
3961 497038
3962 497056
3963 497135
3964 497195
3965 497571
3966 497854
3967 497878
3968 497941
3969 498040
3970 498435
3971 498450
3972 498879
3973 498970
3974 499141
3975 499220
3976 499611
3977 499814
3978 499888
3979 500018
3980 500067
3981 500106
3982 500238
3983 500240
3984 500484
3985 500750
3986 500927
3987 501104
3988 501106
3989 501146
3990 501188
3991 501305
3992 501389
3993 501409
3994 501469
3995 501566
3996 501567
3997 501618
3998 501648
3999 501656
4000 501758
4001 501762
4002 501790
4003 501959
4004 501999
4005 502413
4006 502672
4007 502684
4008 502685
4009 502896
4010 503040
4011 503051
4012 503139
4013 503273
4014 503417
4015 503484
4016 503663
4017 503737
4018 503789
4019 504000
4020 504119
4021 504336
4022 504729
4023 504800
4024 504904
4025 504987
4026 505163
4027 505221
4028 505275
4029 505381
4030 505434
4031 505523
4032 505576
4033 505956
4034 506049
4035 506602
4036 506702
4037 506765
4038 506985
4039 507643
4040 507754
4041 507978
4042 508003
4043 508007
4044 508064
4045 508146
4046 508506
4047 508568
4048 508677
4049 508929
4050 508986
4051 509060
4052 509125
4053 509270
4054 509450
4055 509674
4056 509802
4057 510105
4058 510314
4059 510386
4060 510934
4061 511324
4062 511652
4063 511659
4064 511822
4065 511874
4066 511937
4067 511947
4068 511968
4069 512057
4070 512221
4071 512647
4072 512664
4073 512954
4074 513232
4075 513420
4076 513715
4077 513958
4078 514303
4079 514410
4080 514555
4081 514663
4082 514873
4083 514875
4084 515067
4085 515135
4086 515180
4087 515637
4088 515692
4089 515883
4090 516032
4091 516075
4092 516356
4093 516438
4094 516659
4095 516723
4096 516833
4097 516944
4098 517125
4099 517164
4100 517193
4101 517256
4102 517390
4103 517697
4104 517699
4105 517754
4106 517981
4107 518037
4108 518107
4109 518183
4110 518253
4111 518404
4112 518418
4113 518502
4114 518738
4115 519068
4116 519360
4117 519437
4118 519496
4119 519527
4120 519542
4121 519678
4122 519729
4123 519954
4124 520054
4125 520240
4126 520249
4127 520288
4128 520439
4129 520464
4130 520466
4131 520498
4132 520564
4133 520679
4134 520797
4135 520953
4136 521058
4137 521202
4138 521515
4139 521526
4140 521534
4141 521537
4142 521639
4143 521879
4144 521910
4145 521953
4146 522125
4147 522129
4148 522211
4149 522723
4150 522775
4151 522840
4152 522999
4153 523208
4154 523260
4155 523364
4156 523435
4157 523489
4158 523624
4159 523628
4160 523655
4161 524228
4162 524383
4163 524622
4164 524692
4165 524796
4166 524856
4167 524865
4168 524871
4169 525259
4170 525290
4171 525325
4172 525481
4173 525575
4174 525594
4175 525700
4176 525756
4177 525821
4178 525915
4179 525920
4180 525921
4181 525934
4182 525967
4183 526160
4184 526392
4185 526458
4186 526487
4187 526784
4188 527015
4189 527020
4190 527270
4191 527310
4192 527387
4193 527440
4194 527710
4195 527761
4196 527848
4197 527986
4198 527993
4199 528082
4200 528162
4201 528201
4202 528683
4203 528705
4204 528756
4205 528763
4206 529295
4207 529378
4208 529468
4209 529682
4210 529774
4211 529790
4212 529818
4213 529873
4214 529908
4215 529982
4216 529991
4217 530021
4218 530113
4219 530135
4220 530466
4221 530588
4222 530733
4223 530864
4224 531121
4225 531174
4226 531209
4227 531223
4228 531330
4229 531462
4230 531699
4231 531730
4232 532014
4233 532211
4234 532289
4235 532299
4236 532467
4237 532478
4238 532486
4239 532488
4240 532829
4241 532984
4242 533300
4243 533321
4244 533324
4245 533352
4246 533367
4247 533429
4248 533742
4249 533752
4250 533844
4251 533941
4252 534331
4253 534370
4254 534402
4255 534838
4256 534878
4257 535148
4258 535193
4259 535306
4260 535343
4261 535344
4262 535445
4263 535489
4264 535532
4265 535674
4266 535823
4267 535836
4268 536000
4269 536281
4270 536425
4271 536460
4272 536620
4273 536761
4274 536993
4275 537072
4276 537133
4277 537148
4278 537163
4279 537377
4280 537407
4281 537500
4282 537718
4283 537902
4284 537987
4285 538224
4286 538276
4287 538500
4288 538574
4289 538582
4290 538714
4291 538731
4292 538776
4293 538942
4294 539216
4295 539326
4296 539393
4297 539482
4298 539533
4299 539626
4300 539870
4301 539957
4302 539964
4303 540007
4304 540200
4305 540200
4306 540247
4307 540513
4308 540533
4309 540553
4310 540643
4311 540781
4312 540802
4313 540943
4314 541012
4315 541247
4316 541391
4317 541403
4318 541434
4319 541500
4320 541670
4321 541766
4322 541891
4323 541896
4324 542014
4325 542056
4326 542559
4327 542571
4328 542580
4329 542750
4330 542889
4331 542889
4332 542933
4333 543010
4334 543102
4335 543273
4336 543289
4337 543346
4338 543409
4339 543558
4340 543576
4341 543646
4342 543745
4343 543759
4344 543840
4345 543935
4346 543950
4347 544019
4348 544025
4349 544151
4350 544405
4351 544444
4352 544533
4353 544537
4354 544537
4355 544674
4356 544877
4357 544997
4358 545014
4359 545244
4360 545376
4361 545393
4362 545527
4363 545647
4364 545653
4365 545707
4366 545883
4367 546010
4368 546121
4369 546143
4370 546545
4371 546625
4372 546650
4373 546898
4374 546913
4375 547174
4376 547257
4377 547442
4378 547558
4379 547611
4380 547818
4381 547827
4382 547941
4383 548059
4384 548116
4385 548132
4386 548346
4387 548566
4388 548708
4389 548722
4390 548777
4391 548917
4392 548950
4393 549224
4394 549289
4395 549501
4396 549532
4397 549599
4398 549792
4399 549876
4400 549979
4401 550003
4402 550065
4403 550075
4404 550106
4405 550239
4406 550242
4407 550427
4408 550495
4409 550615
4410 550755
4411 550837
4412 550846
4413 550954
4414 551030
4415 551073
4416 551176
4417 551214
4418 551333
4419 551404
4420 551478
4421 551487
4422 551580
4423 551662
4424 551973
4425 552230
4426 552360
4427 552485
4428 552500
4429 552756
4430 552816
4431 553012
4432 553039
4433 553106
4434 553247
4435 553352
4436 553412
4437 553423
4438 553492
4439 553636
4440 553720
4441 554063
4442 554083
4443 554344
4444 554488
4445 554619
4446 554685
4447 554899
4448 554937
4449 555041
4450 555089
4451 555095
4452 555150
4453 555232
4454 555266
4455 555361
4456 555436
4457 555605
4458 555645
4459 555745
4460 556221
4461 556366
4462 556531
4463 556615
4464 556615
4465 557463
4466 557651
4467 557943
4468 558443
4469 558467
4470 558542
4471 558692
4472 558695
4473 559200
4474 559212
4475 559259
4476 559327
4477 559431
4478 559459
4479 559636
4480 559662
4481 559800
4482 559933
4483 560053
4484 560100
4485 560199
4486 560226
4487 560275
4488 560417
4489 560603
4490 560620
4491 560646
4492 560798
4493 561194
4494 561201
4495 561423
4496 561500
4497 561545
4498 561565
4499 561705
4500 561779
4501 561889
4502 562162
4503 562186
4504 562227
4505 562267
4506 562442
4507 562476
4508 562493
4509 562528
4510 562555
4511 562620
4512 562802
4513 562907
4514 563066
4515 563116
4516 563460
4517 563475
4518 563603
4519 563608
4520 563875
4521 563919
4522 563933
4523 563941
4524 563948
4525 564045
4526 564122
4527 564130
4528 564189
4529 564215
4530 564326
4531 564777
4532 564852
4533 564921
4534 564961
4535 565120
4536 565355
4537 565740
4538 565872
4539 565913
4540 566003
4541 566059
4542 566134
4543 566171
4544 566222
4545 566244
4546 566306
4547 566404
4548 566857
4549 566859
4550 566926
4551 567128
4552 567175
4553 567467
4554 567473
4555 567475
4556 567528
4557 567569
4558 567603
4559 567610
4560 567615
4561 567845
4562 567847
4563 567935
4564 567958
4565 567968
4566 568029
4567 568502
4568 568667
4569 568753
4570 568788
4571 569223
4572 569276
4573 569441
4574 569489
4575 569574
4576 569634
4577 569726
4578 569821
4579 569947
4580 569955
4581 570067
4582 570124
4583 570150
4584 570352
4585 570371
4586 570523
4587 570599
4588 570905
4589 570907
4590 570988
4591 571127
4592 571270
4593 571308
4594 571417
4595 571642
4596 571821
4597 571832
4598 571889
4599 572062
4600 572160
4601 572191
4602 572220
4603 572233
4604 572363
4605 572456
4606 572544
4607 572584
4608 573073
4609 573360
4610 573378
4611 573441
4612 573532
4613 573724
4614 573777
4615 573936
4616 574017
4617 574247
4618 574292
4619 574322
4620 574347
4621 574451
4622 574499
4623 574520
4624 574565
4625 574630
4626 574702
4627 574755
4628 574795
4629 574876
4630 574969
4631 575123
4632 575382
4633 575638
4634 575661
4635 576036
4636 576100
4637 576171
4638 576483
4639 576542
4640 576568
4641 576600
4642 576631
4643 576718
4644 577083
4645 577128
4646 577508
4647 577616
4648 578142
4649 578148
4650 578305
4651 578492
4652 578564
4653 578641
4654 579179
4655 579222
4656 579443
4657 579502
4658 579599
4659 579624
4660 579817
4661 579832
4662 579856
4663 579862
4664 580317
4665 580428
4666 580509
4667 580636
4668 580669
4669 580806
4670 580816
4671 580956
4672 580995
4673 581153
4674 581191
4675 581525
4676 581624
4677 581689
4678 581801
4679 581997
4680 582055
4681 582132
4682 582390
4683 582502
4684 582503
4685 582578
4686 582627
4687 582629
4688 582786
4689 582906
4690 582996
4691 583046
4692 583074
4693 583182
4694 583314
4695 583378
4696 583383
4697 583467
4698 583606
4699 583775
4700 583853
4701 583921
4702 583980
4703 584056
4704 584143
4705 584356
4706 584414
4707 584480
4708 584740
4709 585153
4710 585188
4711 585214
4712 585343
4713 585455
4714 585483
4715 585696
4716 585740
4717 585905
4718 585960
4719 586068
4720 586171
4721 586200
4722 586237
4723 586241
4724 586330
4725 586331
4726 586700
4727 586727
4728 586746
4729 586836
4730 587411
4731 587871
4732 587930
4733 588158
4734 588170
4735 588215
4736 588219
4737 588377
4738 588435
4739 588618
4740 589232
4741 589256
4742 589398
4743 589627
4744 589739
4745 589803
4746 589806
4747 589888
4748 589921
4749 590137
4750 590318
4751 590748
4752 591149
4753 591255
4754 591313
4755 591507
4756 591546
4757 591554
4758 591978
4759 592357
4760 592395
4761 592404
4762 592444
4763 592573
4764 592582
4765 592681
4766 592732
4767 592754
4768 593146
4769 593195
4770 593458
4771 593516
4772 593577
4773 593581
4774 593617
4775 593644
4776 593758
4777 593835
4778 593837
4779 594178
4780 594202
4781 594274
4782 594389
4783 594422
4784 594555
4785 594793
4786 594854
4787 594889
4788 594955
4789 594973
4790 595084
4791 595139
4792 595168
4793 595322
4794 595616
4795 596185
4796 596249
4797 596617
4798 596876
4799 596919
4800 596965
4801 597055
4802 597131
4803 597147
4804 597341
4805 597420
4806 597498
4807 597519
4808 597662
4809 597809
4810 597878
4811 598409
4812 598464
4813 598828
4814 598846
4815 598869
4816 598879
4817 599022
4818 599187
4819 599211
4820 599288
4821 599415
4822 599579
4823 599723
4824 599784
4825 599791
4826 599799
4827 600054
4828 600098
4829 600100
4830 600109
4831 600199
4832 600343
4833 600470
4834 600530
4835 600601
4836 600702
4837 600735
4838 600891
4839 601103
4840 601210
4841 601274
4842 601317
4843 601378
4844 601776
4845 602162
4846 602300
4847 602882
4848 603317
4849 603330
4850 603364
4851 603498
4852 603547
4853 603556
4854 603654
4855 603738
4856 603843
4857 604007
4858 604139
4859 604325
4860 604375
4861 604414
4862 604425
4863 604533
4864 604552
4865 604634
4866 604833
4867 604868
4868 604927
4869 605105
4870 605143
4871 605209
4872 605212
4873 605304
4874 605316
4875 605344
4876 605434
4877 605937
4878 605994
4879 606585
4880 606705
4881 606863
4882 606965
4883 607100
4884 607106
4885 607121
4886 607193
4887 607608
4888 607665
4889 607680
4890 607810
4891 608040
4892 608108
4893 608166
4894 608208
4895 608271
4896 608399
4897 608438
4898 608563
4899 608611
4900 608694
4901 608757
4902 608887
4903 609031
4904 609368
4905 609452
4906 609516
4907 609663
4908 609699
4909 610246
4910 610249
4911 610356
4912 610422
4913 610640
4914 610701
4915 610707
4916 610721
4917 610723
4918 610777
4919 611053
4920 611205
4921 611523
4922 611643
4923 611762
4924 612130
4925 612160
4926 612203
4927 612237
4928 612353
4929 612538
4930 612568
4931 612621
4932 612752
4933 612936
4934 613113
4935 613239
4936 613294
4937 613390
4938 613402
4939 613429
4940 613442
4941 613452
4942 613521
4943 613588
4944 613861
4945 613898
4946 613905
4947 614065
4948 614240
4949 614245
4950 614256
4951 614356
4952 614371
4953 614420
4954 614426
4955 614476
4956 614672
4957 614906
4958 615016
4959 615123
4960 615295
4961 615394
4962 615468
4963 615680
4964 615691
4965 615707
4966 615944
4967 616181
4968 616232
4969 616302
4970 616319
4971 616797
4972 616875
4973 617012
4974 617060
4975 617171
4976 617508
4977 617679
4978 617689
4979 617852
4980 618166
4981 618169
4982 618232
4983 618276
4984 618542
4985 618668
4986 619237
4987 619324
4988 619356
4989 619371
4990 619509
4991 619838
4992 619859
4993 619967
4994 620244
4995 620636
4996 620725
4997 620727
4998 620774
4999 620841
5000 620884
5001 621022
5002 621213
5003 621513
5004 621556
5005 621762
5006 621814
5007 621816
5008 621940
5009 622073
5010 622134
5011 622210
5012 622230
5013 622299
5014 622343
5015 622588
5016 622631
5017 622695
5018 623051
5019 623068
5020 623132
5021 623290
5022 623446
5023 623676
5024 623681
5025 623778
5026 623842
5027 623957
5028 624184
5029 624568
5030 624792
5031 624844
5032 624948
5033 624965
5034 625013
5035 625016
5036 625086
5037 625129
5038 625148
5039 625216
5040 625365
5041 625826
5042 625862
5043 625880
5044 626091
5045 626106
5046 626272
5047 626386
5048 626477
5049 626483
5050 626533
5051 626712
5052 627035
5053 627054
5054 627123
5055 627192
5056 627464
5057 627552
5058 627747
5059 627925
5060 628037
5061 628188
5062 628265
5063 628335
5064 628420
5065 628473
5066 628591
5067 629009
5068 629101
5069 629119
5070 629168
5071 629235
5072 629326
5073 629553
5074 629630
5075 629634
5076 629725
5077 629821
5078 629836
5079 629847
5080 629870
5081 629904
5082 629936
5083 630113
5084 630306
5085 630497
5086 630520
5087 630670
5088 630895
5089 630942
5090 630990
5091 631032
5092 631141
5093 631197
5094 631389
5095 631417
5096 631672
5097 631792
5098 631945
5099 632066
5100 632261
5101 632367
5102 632369
5103 632458
5104 632760
5105 632797
5106 632981
5107 633160
5108 633233
5109 633268
5110 633309
5111 633494
5112 633795
5113 633895
5114 633904
5115 634193
5116 634265
5117 634317
5118 634354
5119 634382
5120 634507
5121 634746
5122 634898
5123 634959
5124 634971
5125 635075
5126 635230
5127 635400
5128 635403
5129 635414
5130 635481
5131 635658
5132 635712
5133 635844
5134 635874
5135 635945
5136 635975
5137 636065
5138 636103
5139 636349
5140 636351
5141 636371
5142 636485
5143 636548
5144 636663
5145 636694
5146 636823
5147 637015
5148 637112
5149 637373
5150 637378
5151 637475
5152 637478
5153 637545
5154 637684
5155 637702
5156 637722
5157 638029
5158 638055
5159 638080
5160 638127
5161 638157
5162 638240
5163 638322
5164 638414
5165 638482
5166 638738
5167 639028
5168 639162
5169 639202
5170 639281
5171 639303
5172 639367
5173 639568
5174 639583
5175 639678
5176 640088
5177 640163
5178 640197
5179 640404
5180 640520
5181 640801
5182 640970
5183 641176
5184 641192
5185 641338
5186 641486
5187 641543
5188 641551
5189 641731
5190 641807
5191 641871
5192 641974
5193 642060
5194 642145
5195 642410
5196 642575
5197 642684
5198 642766
5199 642820
5200 642892
5201 642931
5202 643026
5203 643054
5204 643061
5205 643207
5206 643318
5207 643507
5208 643760
5209 643859
5210 644195
5211 644278
5212 644364
5213 644639
5214 644895
5215 645335
5216 645365
5217 645389
5218 645604
5219 645667
5220 645777
5221 646379
5222 646387
5223 646456
5224 646619
5225 646632
5226 646675
5227 646686
5228 646958
5229 647046
5230 647316
5231 647494
5232 647498
5233 647651
5234 647769
5235 647855
5236 648412
5237 648483
5238 648576
5239 648627
5240 649425
5241 649443
5242 649528
5243 649712
5244 650026
5245 650153
5246 650154
5247 650197
5248 650308
5249 650460
5250 650710
5251 650751
5252 650754
5253 650758
5254 650884
5255 650994
5256 651093
5257 651144
5258 651191
5259 651199
5260 651201
5261 651272
5262 651426
5263 651539
5264 651628
5265 651901
5266 651950
5267 651973
5268 652253
5269 652532
5270 652688
5271 652818
5272 652819
5273 653058
5274 653114
5275 653237
5276 653254
5277 653325
5278 653524
5279 653601
5280 653684
5281 653972
5282 653982
5283 654080
5284 654082
5285 654174
5286 654387
5287 654422
5288 654655
5289 654660
5290 654739
5291 654786
5292 654815
5293 655535
5294 655646
5295 655648
5296 655675
5297 655676
5298 655706
5299 655758
5300 655846
5301 655980
5302 656009
5303 656119
5304 656167
5305 656440
5306 656447
5307 656489
5308 656715
5309 656913
5310 657027
5311 657225
5312 657276
5313 657299
5314 657348
5315 657392
5316 657453
5317 657564
5318 657569
5319 657629
5320 658169
5321 658250
5322 658272
5323 658367
5324 658624
5325 658772
5326 658856
5327 658918
5328 658937
5329 659103
5330 659124
5331 659230
5332 659288
5333 659401
5334 659413
5335 659444
5336 659646
5337 659767
5338 659855
5339 659983
5340 660060
5341 660125
5342 660221
5343 660790
5344 660898
5345 660916
5346 661089
5347 661191
5348 661228
5349 661451
5350 661492
5351 661538
5352 661735
5353 661749
5354 661782
5355 662050
5356 662310
5357 662322
5358 662583
5359 662858
5360 662868
5361 663009
5362 663099
5363 663102
5364 663115
5365 663128
5366 663306
5367 663689
5368 663692
5369 663728
5370 664011
5371 664071
5372 664164
5373 664517
5374 664612
5375 664668
5376 664938
5377 665107
5378 665202
5379 665427
5380 665605
5381 665684
5382 665827
5383 666103
5384 666109
5385 666234
5386 666248
5387 666391
5388 666431
5389 666806
5390 666812
5391 666826
5392 666838
5393 666897
5394 667142
5395 667144
5396 667147
5397 667182
5398 667193
5399 667245
5400 667328
5401 667447
5402 667474
5403 667567
5404 667590
5405 667754
5406 667930
5407 668133
5408 668217
5409 668224
5410 668255
5411 668413
5412 668619
5413 668660
5414 668683
5415 668770
5416 668844
5417 668877
5418 669627
5419 669701
5420 670072
5421 670080
5422 670136
5423 670185
5424 670189
5425 670209
5426 670622
5427 670671
5428 670840
5429 670907
5430 671120
5431 671162
5432 671284
5433 671371
5434 671428
5435 671450
5436 671454
5437 671472
5438 671643
5439 671873
5440 671902
5441 672093
5442 672130
5443 672137
5444 672266
5445 672309
5446 672309
5447 672572
5448 672631
5449 672848
5450 672869
5451 673020
5452 673564
5453 673919
5454 674043
5455 674150
5456 674460
5457 674570
5458 674695
5459 674731
5460 674806
5461 674893
5462 675496
5463 675497
5464 675577
5465 675629
5466 675659
5467 675856
5468 675923
5469 676109
5470 676151
5471 676181
5472 676187
5473 676293
5474 676326
5475 676429
5476 676429
5477 676452
5478 676580
5479 676596
5480 676761
5481 676791
5482 676863
5483 676896
5484 676965
5485 677008
5486 677112
5487 677218
5488 677224
5489 677435
5490 677468
5491 677626
5492 677639
5493 677664
5494 677707
5495 678099
5496 678426
5497 678502
5498 678642
5499 678832
5500 678881
5501 679296
5502 679347
5503 679351
5504 679401
5505 679559
5506 679570
5507 679585
5508 679840
5509 679929
5510 680230
5511 680244
5512 680483
5513 680655
5514 680656
5515 680698
5516 681014
5517 681237
5518 681361
5519 681410
5520 681479
5521 681519
5522 681647
5523 681798
5524 681843
5525 681908
5526 681966
5527 682025
5528 682126
5529 682166
5530 682187
5531 682200
5532 682237
5533 682542
5534 682664
5535 682688
5536 682721
5537 682805
5538 682807
5539 682864
5540 682979
5541 683165
5542 683208
5543 683211
5544 683284
5545 683325
5546 683515
5547 683590
5548 683777
5549 683782
5550 683809
5551 683903
5552 683925
5553 683989
5554 684088
5555 684113
5556 684240
5557 684381
5558 684414
5559 684434
5560 684709
5561 684820
5562 684866
5563 685038
5564 685149
5565 685407
5566 685514
5567 685874
5568 685924
5569 685988
5570 685991
5571 686177
5572 686498
5573 686550
5574 686624
5575 686626
5576 686695
5577 687084
5578 687625
5579 687626
5580 687784
5581 688262
5582 688356
5583 688371
5584 688428
5585 688435
5586 688439
5587 688495
5588 688661
5589 689332
5590 689798
5591 690331
5592 690354
5593 690414
5594 690534
5595 690547
5596 690696
5597 690861
5598 691059
5599 691327
5600 691412
5601 691454
5602 691461
5603 691544
5604 691927
5605 691951
5606 692403
5607 692449
5608 692537
5609 692650
5610 692900
5611 692941
5612 692942
5613 692961
5614 693236
5615 693573
5616 693934
5617 694086
5618 694116
5619 694147
5620 694175
5621 694981
5622 695024
5623 695285
5624 695538
5625 695829
5626 695927
5627 695958
5628 696020
5629 696078
5630 696222
5631 696567
5632 696788
5633 696871
5634 696889
5635 697265
5636 697274
5637 697495
5638 697528
5639 697874
5640 697935
5641 697953
5642 698076
5643 698099
5644 698181
5645 698339
5646 698387
5647 698527
5648 698602
5649 699124
5650 699251
5651 699263
5652 699385
5653 699561
5654 699599
5655 699617
5656 699756
5657 699804
5658 699885
5659 700063
5660 700166
5661 700525
5662 700933
5663 700971
5664 700982
5665 701091
5666 701111
5667 701331
5668 701546
5669 701911
5670 702033
5671 702068
5672 702164
5673 702220
5674 702479
5675 702581
5676 702714
5677 702745
5678 702770
5679 702863
5680 702869
5681 703015
5682 703146
5683 703295
5684 703344
5685 703432
5686 703537
5687 703543
5688 703815
5689 703877
5690 703894
5691 704311
5692 704349
5693 704443
5694 704576
5695 704612
5696 704882
5697 705342
5698 705416
5699 705517
5700 705716
5701 705776
5702 706139
5703 706296
5704 706336
5705 706360
5706 706404
5707 706628
5708 706749
5709 706767
5710 707091
5711 707282
5712 707308
5713 707414
5714 707453
5715 707568
5716 707571
5717 707650
5718 707701
5719 707766
5720 707807
5721 707941
5722 708177
5723 708268
5724 708298
5725 708310
5726 708354
5727 708411
5728 708464
5729 708517
5730 708668
5731 708668
5732 708743
5733 708850
5734 708940
5735 708954
5736 709014
5737 709062
5738 709116
5739 709465
5740 709550
5741 709650
5742 709798
5743 709860
5744 709869
5745 710653
5746 710791
5747 710832
5748 711132
5749 711169
5750 711260
5751 711290
5752 711388
5753 711701
5754 711760
5755 711874
5756 712766
5757 712798
5758 712809
5759 713041
5760 713325
5761 713470
5762 713478
5763 713630
5764 713652
5765 713824
5766 713889
5767 713895
5768 713918
5769 714702
5770 714879
5771 715037
5772 715037
5773 715455
5774 715469
5775 715974
5776 716160
5777 716205
5778 716228
5779 716452
5780 716585
5781 716595
5782 716678
5783 716738
5784 716862
5785 716926
5786 717470
5787 717610
5788 717614
5789 717742
5790 717953
5791 717976
5792 718094
5793 718281
5794 718599
5795 718887
5796 718925
5797 719027
5798 719179
5799 719233
5800 719437
5801 719516
5802 719718
5803 719727
5804 719891
5805 720235
5806 720264
5807 720421
5808 720462
5809 720517
5810 720931
5811 721014
5812 721283
5813 721379
5814 721462
5815 721517
5816 721862
5817 721891
5818 721930
5819 721976
5820 722031
5821 722039
5822 722330
5823 722413
5824 722445
5825 722566
5826 722662
5827 723365
5828 723382
5829 723392
5830 723403
5831 723522
5832 723575
5833 723670
5834 723791
5835 723969
5836 724025
5837 724126
5838 724197
5839 724288
5840 724518
5841 724611
5842 724689
5843 724834
5844 725009
5845 725065
5846 725088
5847 725103
5848 725330
5849 725613
5850 725823
5851 726008
5852 726036
5853 726204
5854 726279
5855 726454
5856 726518
5857 726580
5858 726587
5859 727004
5860 727326
5861 727453
5862 727482
5863 727585
5864 728045
5865 728252
5866 728342
5867 728381
5868 728480
5869 728769
5870 728867
5871 728879
5872 728983
5873 729024
5874 729068
5875 729483
5876 729521
5877 729578
5878 729678
5879 729697
5880 729703
5881 729827
5882 730058
5883 730107
5884 730284
5885 730382
5886 730394
5887 730720
5888 730736
5889 730780
5890 730924
5891 730957
5892 731014
5893 731038
5894 731147
5895 731183
5896 731378
5897 731613
5898 731846
5899 731976
5900 732031
5901 732282
5902 732389
5903 732471
5904 732763
5905 732935
5906 732974
5907 733088
5908 733131
5909 733223
5910 733351
5911 733524
5912 733587
5913 733620
5914 733840
5915 734072
5916 734114
5917 734165
5918 734187
5919 734385
5920 734495
5921 734557
5922 734911
5923 735070
5924 735222
5925 735382
5926 735466
5927 735566
5928 735569
5929 735634
5930 735661
5931 735756
5932 735791
5933 735969
5934 736054
5935 736113
5936 736113
5937 736212
5938 736219
5939 736697
5940 736824
5941 736848
5942 736943
5943 736952
5944 737264
5945 737281
5946 737303
5947 737355
5948 737440
5949 737464
5950 737492
5951 737595
5952 737604
5953 737863
5954 737902
5955 738099
5956 738131
5957 738169
5958 738337
5959 738365
5960 738369
5961 738370
5962 738445
5963 738632
5964 738651
5965 738671
5966 738722
5967 738746
5968 738887
5969 738898
5970 739125
5971 739142
5972 739266
5973 739414
5974 739685
5975 740113
5976 740155
5977 740199
5978 740203
5979 740268
5980 740273
5981 740358
5982 740383
5983 740437
5984 740698
5985 740717
5986 740878
5987 740956
5988 740957
5989 741007
5990 741476
5991 741497
5992 741938
5993 741941
5994 742025
5995 742084
5996 742239
5997 742267
5998 742353
5999 742609
6000 743123
6001 743158
6002 743284
6003 743368
6004 743717
6005 743753
6006 743809
6007 743913
6008 744041
6009 744042
6010 744158
6011 744175
6012 744194
6013 744211
6014 744488
6015 744770
6016 744943
6017 745122
6018 745623
6019 745651
6020 745757
6021 745828
6022 745833
6023 745879
6024 746037
6025 746164
6026 746240
6027 746405
6028 746563
6029 746663
6030 747116
6031 747266
6032 747468
6033 747672
6034 747958
6035 747971
6036 747973
6037 748067
6038 748097
6039 748128
6040 748248
6041 748602
6042 749027
6043 749099
6044 749100
6045 749256
6046 749288
6047 749368
6048 749409
6049 749499
6050 749639
6051 749668
6052 749778
6053 749839
6054 750153
6055 750354
6056 750360
6057 750432
6058 750927
6059 750993
6060 751023
6061 751165
6062 751456
6063 751641
6064 751785
6065 752114
6066 752207
6067 752342
6068 752667
6069 752668
6070 752715
6071 752725
6072 752827
6073 753018
6074 753032
6075 753411
6076 753563
6077 753652
6078 754181
6079 754202
6080 754245
6081 754442
6082 754490
6083 754499
6084 754525
6085 754715
6086 754796
6087 755151
6088 755164
6089 755251
6090 755370
6091 755456
6092 755641
6093 755678
6094 755931
6095 756039
6096 756086
6097 756572
6098 756595
6099 756610
6100 756640
6101 756751
6102 757237
6103 757357
6104 757382
6105 757495
6106 757556
6107 757601
6108 757735
6109 757826
6110 758130
6111 758181
6112 758264
6113 758323
6114 758342
6115 758396
6116 758457
6117 758590
6118 758989
6119 759071
6120 759142
6121 759460
6122 759554
6123 759577
6124 759618
6125 759619
6126 759662
6127 759752
6128 759787
6129 759845
6130 759861
6131 759982
6132 760226
6133 760301
6134 760414
6135 760454
6136 760512
6137 760691
6138 760702
6139 760869
6140 760975
6141 761519
6142 761598
6143 761745
6144 762061
6145 762109
6146 762198
6147 762292
6148 762409
6149 762418
6150 762533
6151 762734
6152 762737
6153 762830
6154 763099
6155 763320
6156 763429
6157 763676
6158 763984
6159 764134
6160 764425
6161 764472
6162 764475
6163 764511
6164 764514
6165 764634
6166 764690
6167 765046
6168 765185
6169 765264
6170 765280
6171 765385
6172 765397
6173 765507
6174 765561
6175 765587
6176 765588
6177 765794
6178 765864
6179 765974
6180 766168
6181 766281
6182 766343
6183 766364
6184 766404
6185 766433
6186 766509
6187 766646
6188 767042
6189 767079
6190 767148
6191 767227
6192 767407
6193 767648
6194 767830
6195 767832
6196 767842
6197 768200
6198 768429
6199 768687
6200 768736
6201 768893
6202 768975
6203 769161
6204 769198
6205 769414
6206 769548
6207 769938
6208 769961
6209 769961
6210 770163
6211 770221
6212 770410
6213 770462
6214 770528
6215 770563
6216 770634
6217 770772
6218 770809
6219 770990
6220 771055
6221 771125
6222 771359
6223 771391
6224 771852
6225 772037
6226 772080
6227 772138
6228 772345
6229 772518
6230 772540
6231 772598
6232 772761
6233 772897
6234 773242
6235 773272
6236 773478
6237 773534
6238 773562
6239 773580
6240 773582
6241 773603
6242 773639
6243 773657
6244 773704
6245 773712
6246 773826
6247 773846
6248 773977
6249 773993
6250 774063
6251 774320
6252 774419
6253 774567
6254 774706
6255 774764
6256 774792
6257 774971
6258 775352
6259 775430
6260 775729
6261 775735
6262 775821
6263 775916
6264 775939
6265 776021
6266 776423
6267 776515
6268 776657
6269 776678
6270 776790
6271 776830
6272 776979
6273 777028
6274 777079
6275 777966
6276 778000
6277 778031
6278 778338
6279 778425
6280 778515
6281 778517
6282 778552
6283 778763
6284 779014
6285 779065
6286 779355
6287 779407
6288 779637
6289 779661
6290 779958
6291 780082
6292 780084
6293 780350
6294 780375
6295 780420
6296 780723
6297 781150
6298 781178
6299 781226
6300 781654
6301 781672
6302 781778
6303 781815
6304 782309
6305 782543
6306 782631
6307 782670
6308 782793
6309 782797
6310 782942
6311 783013
6312 783018
6313 783380
6314 783407
6315 783608
6316 784002
6317 784012
6318 784224
6319 784237
6320 784372
6321 784675
6322 784735
6323 784772
6324 784910
6325 785020
6326 785326
6327 785342
6328 785549
6329 785592
6330 785772
6331 785783
6332 785928
6333 785958
6334 785965
6335 786620
6336 786696
6337 786791
6338 787154
6339 787325
6340 787350
6341 787500
6342 787506
6343 787618
6344 787665
6345 787666
6346 787762
6347 787911
6348 787920
6349 787951
6350 788088
6351 788269
6352 788394
6353 788455
6354 788470
6355 788626
6356 788785
6357 789044
6358 789122
6359 789166
6360 789342
6361 789456
6362 789489
6363 789567
6364 789584
6365 789737
6366 790241
6367 790494
6368 790583
6369 790876
6370 791101
6371 791298
6372 791476
6373 791493
6374 791536
6375 791586
6376 791634
6377 791684
6378 791698
6379 791765
6380 792182
6381 792324
6382 792343
6383 792393
6384 792425
6385 792703
6386 793250
6387 793482
6388 794252
6389 794478
6390 794606
6391 794785
6392 794796
6393 794800
6394 794934
6395 795044
6396 795076
6397 795124
6398 795177
6399 795297
6400 795316
6401 795332
6402 795457
6403 795479
6404 795501
6405 795861
6406 795877
6407 795891
6408 795900
6409 795938
6410 796058
6411 796165
6412 796184
6413 796293
6414 796521
6415 796879
6416 797294
6417 797316
6418 797316
6419 797380
6420 797494
6421 797640
6422 797950
6423 798105
6424 798108
6425 798308
6426 798624
6427 798763
6428 798813
6429 798897
6430 798997
6431 799119
6432 799135
6433 799248
6434 799417
6435 799522
6436 799871
6437 800135
6438 800456
6439 800634
6440 800684
6441 800772
6442 800847
6443 800923
6444 800936
6445 800937
6446 801245
6447 801422
6448 801422
6449 801437
6450 801595
6451 801794
6452 801819
6453 801879
6454 802032
6455 802169
6456 802399
6457 802455
6458 802479
6459 802492
6460 802565
6461 802694
6462 803368
6463 803504
6464 803582
6465 803593
6466 803628
6467 803732
6468 803785
6469 803851
6470 804386
6471 804409
6472 804503
6473 804747
6474 804887
6475 805136
6476 805163
6477 805304
6478 805403
6479 805436
6480 805485
6481 805649
6482 805820
6483 805866
6484 806039
6485 806255
6486 806377
6487 806463
6488 806652
6489 806735
6490 806798
6491 806849
6492 806869
6493 807173
6494 807322
6495 807336
6496 807475
6497 807856
6498 808303
6499 808366
6500 808522
6501 809126
6502 809192
6503 809244
6504 809578
6505 809656
6506 809746
6507 809861
6508 810171
6509 810204
6510 810288
6511 810384
6512 810509
6513 810624
6514 810656
6515 810663
6516 810869
6517 811038
6518 811065
6519 811110
6520 811238
6521 811418
6522 811510
6523 811565
6524 811608
6525 811687
6526 811733
6527 811745
6528 811875
6529 811994
6530 812116
6531 812140
6532 812276
6533 812445
6534 812464
6535 812483
6536 812525
6537 812607
6538 812668
6539 812758
6540 812794
6541 813260
6542 813435
6543 813522
6544 813830
6545 814062
6546 814075
6547 814200
6548 814274
6549 814323
6550 814383
6551 814457
6552 814465
6553 814630
6554 814649
6555 814688
6556 814709
6557 814740
6558 815250
6559 815361
6560 815395
6561 815477
6562 815770
6563 815889
6564 815973
6565 816213
6566 816492
6567 816604
6568 816881
6569 816979
6570 817049
6571 817273
6572 817441
6573 817462
6574 817604
6575 818198
6576 818258
6577 818284
6578 818593
6579 819165
6580 819253
6581 819305
6582 819387
6583 819578
6584 819593
6585 819603
6586 819725
6587 819757
6588 819787
6589 820280
6590 820347
6591 820669
6592 820695
6593 821053
6594 821090
6595 821145
6596 821433
6597 821455
6598 821472
6599 821545
6600 821667
6601 821759
6602 821977
6603 822026
6604 822122
6605 822138
6606 822165
6607 822313
6608 822424
6609 822451
6610 822478
6611 822492
6612 822700
6613 822926
6614 823347
6615 823364
6616 823395
6617 823446
6618 823616
6619 823783
6620 823827
6621 824025
6622 824393
6623 824934
6624 825006
6625 825135
6626 825214
6627 825221
6628 825532
6629 825603
6630 825684
6631 825931
6632 826038
6633 826524
6634 826658
6635 826997
6636 827016
6637 827061
6638 827484
6639 827602
6640 827671
6641 827724
6642 827950
6643 828116
6644 828133
6645 828178
6646 828271
6647 828299
6648 828410
6649 828576
6650 828710
6651 828952
6652 828959
6653 829767
6654 829810
6655 829820
6656 829899
6657 830026
6658 830168
6659 830181
6660 830182
6661 830319
6662 830328
6663 830490
6664 830617
6665 830617
6666 830617
6667 830872
6668 830938
6669 831089
6670 831150
6671 831224
6672 831253
6673 831431
6674 831504
6675 831586
6676 831688
6677 831692
6678 831994
6679 831995
6680 832195
6681 832337
6682 832443
6683 832446
6684 832561
6685 832563
6686 832581
6687 832602
6688 832662
6689 832663
6690 832769
6691 832856
6692 832881
6693 832998
6694 833000
6695 833013
6696 833030
6697 833133
6698 833156
6699 833231
6700 833861
6701 833968
6702 833969
6703 834109
6704 834222
6705 834348
6706 834453
6707 834507
6708 834628
6709 834756
6710 834837
6711 834890
6712 834946
6713 834988
6714 835186
6715 835195
6716 835576
6717 835619
6718 835867
6719 836042
6720 836279
6721 836614
6722 836621
6723 836630
6724 836770
6725 836879
6726 837052
6727 837189
6728 837282
6729 837325
6730 837373
6731 837379
6732 837409
6733 837474
6734 837674
6735 837713
6736 837749
6737 837809
6738 837846
6739 837886
6740 837890
6741 838049
6742 838331
6743 838625
6744 838675
6745 838688
6746 838797
6747 838807
6748 838944
6749 839197
6750 839233
6751 839257
6752 839272
6753 839335
6754 839711
6755 840101
6756 840224
6757 840346
6758 840548
6759 840652
6760 840752
6761 841121
6762 841284
6763 841358
6764 841549
6765 841692
6766 841767
6767 841939
6768 842076
6769 842150
6770 842174
6771 842306
6772 842571
6773 842919
6774 842924
6775 842965
6776 843196
6777 843281
6778 843326
6779 843468
6780 843477
6781 843478
6782 843537
6783 843796
6784 843929
6785 844067
6786 844088
6787 844198
6788 844300
6789 844304
6790 844490
6791 844600
6792 844624
6793 844654
6794 844965
6795 845011
6796 845084
6797 845732
6798 845880
6799 845968
6800 846189
6801 846463
6802 846495
6803 846647
6804 846696
6805 846749
6806 846792
6807 846907
6808 847075
6809 847111
6810 847147
6811 847299
6812 847417
6813 847523
6814 847624
6815 847812
6816 847953
6817 848200
6818 848483
6819 848491
6820 848559
6821 848894
6822 848919
6823 849076
6824 849123
6825 849512
6826 849534
6827 849592
6828 849706
6829 849722
6830 849894
6831 850215
6832 850261
6833 850397
6834 850863
6835 850930
6836 851106
6837 851259
6838 851292
6839 851764
6840 851809
6841 852167
6842 852224
6843 852301
6844 852460
6845 852603
6846 852820
6847 852914
6848 853026
6849 853172
6850 853266
6851 853476
6852 853703
6853 853843
6854 853853
6855 853895
6856 853995
6857 854028
6858 854275
6859 854375
6860 854379
6861 854474
6862 854733
6863 854757
6864 854899
6865 855025
6866 855384
6867 855705
6868 855767
6869 855876
6870 855921
6871 856044
6872 856056
6873 856117
6874 856240
6875 856279
6876 856421
6877 856518
6878 856961
6879 857231
6880 857513
6881 857525
6882 857552
6883 857713
6884 857903
6885 858148
6886 858174
6887 858311
6888 858706
6889 858757
6890 858899
6891 859068
6892 859540
6893 859620
6894 859743
6895 859767
6896 859915
6897 860028
6898 860511
6899 860695
6900 861128
6901 861258
6902 861502
6903 861543
6904 861759
6905 862590
6906 862606
6907 862923
6908 862935
6909 863024
6910 863107
6911 863290
6912 863593
6913 863606
6914 863665
6915 863704
6916 863990
6917 864217
6918 864338
6919 864475
6920 864581
6921 864683
6922 864696
6923 864745
6924 864984
6925 865039
6926 865182
6927 865424
6928 865541
6929 865633
6930 865680
6931 865782
6932 865808
6933 865870
6934 865954
6935 866203
6936 866440
6937 866468
6938 866532
6939 866586
6940 866648
6941 866699
6942 866724
6943 867058
6944 867067
6945 867194
6946 867249
6947 867265
6948 867304
6949 867380
6950 867479
6951 867753
6952 867774
6953 868043
6954 868178
6955 868204
6956 868282
6957 868341
6958 868658
6959 868994
6960 869100
6961 869207
6962 869300
6963 869704
6964 869760
6965 869778
6966 869837
6967 869953
6968 870244
6969 870403
6970 870469
6971 870552
6972 870588
6973 870740
6974 870795
6975 870859
6976 870966
6977 871048
6978 871104
6979 871314
6980 871369
6981 871443
6982 871493
6983 871686
6984 871881
6985 872140
6986 872240
6987 872245
6988 872407
6989 872474
6990 872759
6991 873083
6992 873211
6993 873322
6994 873424
6995 873793
6996 874031
6997 874147
6998 874191
6999 874520
7000 874644
7001 875119
7002 875211
7003 875260
7004 875413
7005 875436
7006 875582
7007 875695
7008 875811
7009 875911
7010 876056
7011 876277
7012 876466
7013 876524
7014 876852
7015 876915
7016 876927
7017 877080
7018 877220
7019 877250
7020 877290
7021 877708
7022 877748
7023 878322
7024 878355
7025 878426
7026 878565
7027 878583
7028 878814
7029 878972
7030 879017
7031 879179
7032 879230
7033 879440
7034 879762
7035 879854
7036 879891
7037 880013
7038 880040
7039 880361
7040 880536
7041 880589
7042 880638
7043 880659
7044 880765
7045 880910
7046 881211
7047 881330
7048 881515
7049 881548
7050 881548
7051 881625
7052 881653
7053 881662
7054 882048
7055 882971
7056 883075
7057 883418
7058 883694
7059 883777
7060 883779
7061 883815
7062 883866
7063 884161
7064 884509
7065 885104
7066 885165
7067 885177
7068 885740
7069 885838
7070 885925
7071 886397
7072 886552
7073 886556
7074 886674
7075 886864
7076 886938
7077 886971
7078 887187
7079 887250
7080 887280
7081 887491
7082 887530
7083 887568
7084 887641
7085 887789
7086 887822
7087 887904
7088 887947
7089 888074
7090 888336
7091 888435
7092 888901
7093 889258
7094 889311
7095 889317
7096 889330
7097 889450
7098 889535
7099 889579
7100 889680
7101 890545
7102 890567
7103 890677
7104 890727
7105 890831
7106 890996
7107 891075
7108 891101
7109 891305
7110 891536
7111 891978
7112 892043
7113 892091
7114 892295
7115 892362
7116 892376
7117 892428
7118 892543
7119 892658
7120 892730
7121 892780
7122 893193
7123 893404
7124 893594
7125 893750
7126 893955
7127 893997
7128 894098
7129 894440
7130 894495
7131 894522
7132 894633
7133 894725
7134 894749
7135 894760
7136 894888
7137 894981
7138 895209
7139 895276
7140 895281
7141 895386
7142 895952
7143 896150
7144 896196
7145 896238
7146 896348
7147 896464
7148 896469
7149 896560
7150 896640
7151 897004
7152 897019
7153 897141
7154 897211
7155 897279
7156 897350
7157 897771
7158 897778
7159 897911
7160 898035
7161 898069
7162 898092
7163 898611
7164 898963
7165 899111
7166 899198
7167 899221
7168 899425
7169 899465
7170 899470
7171 899563
7172 899568
7173 899844
7174 899885
7175 899924
7176 899965
7177 900062
7178 900292
7179 900417
7180 900440
7181 900486
7182 900618
7183 900760
7184 900825
7185 901103
7186 901166
7187 901188
7188 901199
7189 901307
7190 901308
7191 901336
7192 901553
7193 901676
7194 901735
7195 901750
7196 901770
7197 901894
7198 901969
7199 902058
7200 902066
7201 902355
7202 902456
7203 902479
7204 902504
7205 902558
7206 902690
7207 902727
7208 902744
7209 902746
7210 902997
7211 903335
7212 903383
7213 903405
7214 903493
7215 903676
7216 903922
7217 903994
7218 904298
7219 904415
7220 904430
7221 904655
7222 904738
7223 904741
7224 904758
7225 904771
7226 904842
7227 904846
7228 904899
7229 905371
7230 905552
7231 905635
7232 905674
7233 905733
7234 905783
7235 906183
7236 906274
7237 906484
7238 906582
7239 906701
7240 906758
7241 906799
7242 906932
7243 907111
7244 907139
7245 907443
7246 907732
7247 907824
7248 907863
7249 908142
7250 908289
7251 908301
7252 908385
7253 908388
7254 908430
7255 908505
7256 908740
7257 909011
7258 909156
7259 909207
7260 909245
7261 909277
7262 909335
7263 909347
7264 909854
7265 910222
7266 910251
7267 910506
7268 910527
7269 910915
7270 910949
7271 910953
7272 910996
7273 911136
7274 911196
7275 911213
7276 911335
7277 911366
7278 911584
7279 911791
7280 911896
7281 911899
7282 911929
7283 911947
7284 912081
7285 912238
7286 912243
7287 912317
7288 912423
7289 912425
7290 912470
7291 912485
7292 912606
7293 912682
7294 912699
7295 912751
7296 912866
7297 913043
7298 913108
7299 913169
7300 913282
7301 913298
7302 913377
7303 913458
7304 913475
7305 913496
7306 913715
7307 913766
7308 913815
7309 913880
7310 913915
7311 913970
7312 914020
7313 914147
7314 914147
7315 914241
7316 914241
7317 914341
7318 914426
7319 914478
7320 914642
7321 914785
7322 914843
7323 914972
7324 915057
7325 915091
7326 915375
7327 915387
7328 915411
7329 915489
7330 915565
7331 915604
7332 915627
7333 915938
7334 916186
7335 916266
7336 916306
7337 916605
7338 916640
7339 916883
7340 917177
7341 917306
7342 917477
7343 917483
7344 917585
7345 917610
7346 917680
7347 917782
7348 917873
7349 918148
7350 918159
7351 918474
7352 918557
7353 918590
7354 918611
7355 918820
7356 918959
7357 919109
7358 919126
7359 919219
7360 919334
7361 919351
7362 919390
7363 919455
7364 919561
7365 919888
7366 920067
7367 920135
7368 920202
7369 920304
7370 920306
7371 920383
7372 920494
7373 920549
7374 920588
7375 920600
7376 920680
7377 920694
7378 920760
7379 920801
7380 920900
7381 921045
7382 921082
7383 921125
7384 921188
7385 921285
7386 921292
7387 921707
7388 921762
7389 921987
7390 922036
7391 922234
7392 922273
7393 922392
7394 922769
7395 922863
7396 922877
7397 922913
7398 923121
7399 923277
7400 923493
7401 923604
7402 923820
7403 924096
7404 924193
7405 924305
7406 924418
7407 924423
7408 924505
7409 924646
7410 924862
7411 925601
7412 925862
7413 926056
7414 926163
7415 926323
7416 926581
7417 926771
7418 927028
7419 927088
7420 927281
7421 927345
7422 927377
7423 927399
7424 927684
7425 928063
7426 928067
7427 928414
7428 928423
7429 928539
7430 928575
7431 928659
7432 928735
7433 928761
7434 929274
7435 929496
7436 929631
7437 929642
7438 929676
7439 929989
7440 930054
7441 930061
7442 930078
7443 930203
7444 930256
7445 930296
7446 930368
7447 930391
7448 930399
7449 930550
7450 930604
7451 930616
7452 930833
7453 930930
7454 930953
7455 931068
7456 931097
7457 931326
7458 931383
7459 931643
7460 931743
7461 931828
7462 931833
7463 932287
7464 932439
7465 932442
7466 932502
7467 932760
7468 932866
7469 932917
7470 933056
7471 933501
7472 933645
7473 933650
7474 933700
7475 933821
7476 933850
7477 933938
7478 933948
7479 934168
7480 934317
7481 934329
7482 934343
7483 934532
7484 934579
7485 934580
7486 934637
7487 934676
7488 934687
7489 934742
7490 934987
7491 935217
7492 935230
7493 935437
7494 935438
7495 935569
7496 935580
7497 935620
7498 935803
7499 935820
7500 935905
7501 935974
7502 936001
7503 936365
7504 936408
7505 936533
7506 936858
7507 937127
7508 937397
7509 937712
7510 937803
7511 937824
7512 937910
7513 938032
7514 938193
7515 938242
7516 938250
7517 938289
7518 938363
7519 938552
7520 938808
7521 938981
7522 939095
7523 939510
7524 939543
7525 939701
7526 939760
7527 939807
7528 940016
7529 940096
7530 940748
7531 940869
7532 941163
7533 941359
7534 941506
7535 941665
7536 941732
7537 942029
7538 942037
7539 942199
7540 942232
7541 942235
7542 942286
7543 942332
7544 942420
7545 942659
7546 942946
7547 943090
7548 943111
7549 943578
7550 943735
7551 944113
7552 944137
7553 944446
7554 944503
7555 944543
7556 944648
7557 944670
7558 944677
7559 944800
7560 945084
7561 945123
7562 945276
7563 945291
7564 945332
7565 945732
7566 945764
7567 945908
7568 946371
7569 946547
7570 946714
7571 946775
7572 946808
7573 946857
7574 946858
7575 946930
7576 946999
7577 947027
7578 947050
7579 947061
7580 947067
7581 947075
7582 947101
7583 947183
7584 947184
7585 947186
7586 947294
7587 947421
7588 947562
7589 947651
7590 947858
7591 947884
7592 947902
7593 947945
7594 947959
7595 948124
7596 948256
7597 948321
7598 948409
7599 948455
7600 948564
7601 948572
7602 948636
7603 948679
7604 948696
7605 948816
7606 948843
7607 948848
7608 949086
7609 949229
7610 949570
7611 949590
7612 949857
7613 950122
7614 950165
7615 950256
7616 950363
7617 950406
7618 950719
7619 950754
7620 950791
7621 950859
7622 950933
7623 951097
7624 951628
7625 951740
7626 952156
7627 952740
7628 952778
7629 952794
7630 952972
7631 953004
7632 953152
7633 953190
7634 953257
7635 953405
7636 953423
7637 953515
7638 953690
7639 953916
7640 953964
7641 954203
7642 954362
7643 954383
7644 954607
7645 954845
7646 954925
7647 954941
7648 954954
7649 954984
7650 955061
7651 955099
7652 955406
7653 955412
7654 955454
7655 955942
7656 955949
7657 956047
7658 956084
7659 956127
7660 956179
7661 956199
7662 956275
7663 956315
7664 956653
7665 956775
7666 956839
7667 956850
7668 957158
7669 957317
7670 957350
7671 957395
7672 957710
7673 957852
7674 958244
7675 958396
7676 958459
7677 958635
7678 958759
7679 959028
7680 959117
7681 959121
7682 959334
7683 959669
7684 959747
7685 959869
7686 959882
7687 960081
7688 960085
7689 960088
7690 960116
7691 960143
7692 960143
7693 960191
7694 960351
7695 960557
7696 960699
7697 960990
7698 961087
7699 961332
7700 961390
7701 961510
7702 961647
7703 961685
7704 961850
7705 961896
7706 962015
7707 962021
7708 962078
7709 962182
7710 962195
7711 962212
7712 962378
7713 962602
7714 962657
7715 962763
7716 962804
7717 962890
7718 962897
7719 963096
7720 963183
7721 963187
7722 963203
7723 963310
7724 963459
7725 963752
7726 964136
7727 964333
7728 964474
7729 964498
7730 964687
7731 965140
7732 965179
7733 965223
7734 965246
7735 965465
7736 965536
7737 965651
7738 965733
7739 965861
7740 965947
7741 966012
7742 966029
7743 966071
7744 966263
7745 966272
7746 966272
7747 966343
7748 966404
7749 966561
7750 966615
7751 966916
7752 966969
7753 966979
7754 967191
7755 967356
7756 967413
7757 967527
7758 967639
7759 967675
7760 967835
7761 967843
7762 968033
7763 968438
7764 968558
7765 968683
7766 968785
7767 969023
7768 969155
7769 969519
7770 969572
7771 969616
7772 969744
7773 969885
7774 970104
7775 970375
7776 970379
7777 970442
7778 970564
7779 970586
7780 971116
7781 971223
7782 971334
7783 971355
7784 971557
7785 971669
7786 971749
7787 971766
7788 972062
7789 972145
7790 972183
7791 972204
7792 972257
7793 972304
7794 972369
7795 972450
7796 972551
7797 972907
7798 973153
7799 973173
7800 973195
7801 973437
7802 973677
7803 973749
7804 974066
7805 974255
7806 974279
7807 974345
7808 974433
7809 974537
7810 974720
7811 974774
7812 974795
7813 974907
7814 975049
7815 975055
7816 975073
7817 975129
7818 975161
7819 975280
7820 975388
7821 975432
7822 975514
7823 975546
7824 975596
7825 975642
7826 975814
7827 975907
7828 975970
7829 975972
7830 976003
7831 976175
7832 976348
7833 976457
7834 976477
7835 976704
7836 976729
7837 976779
7838 976902
7839 977212
7840 977219
7841 977266
7842 977316
7843 977341
7844 977494
7845 977505
7846 978292
7847 978878
7848 978882
7849 979371
7850 979678
7851 980059
7852 980844
7853 980974
7854 981022
7855 981030
7856 981216
7857 981355
7858 981589
7859 981619
7860 981662
7861 981715
7862 981884
7863 981914
7864 981954
7865 981969
7866 982030
7867 982081
7868 982134
7869 982352
7870 982410
7871 982853
7872 983096
7873 983184
7874 983363
7875 983375
7876 983605
7877 983732
7878 983949
7879 984221
7880 984261
7881 984559
7882 984681
7883 984749
7884 984791
7885 984954
7886 984963
7887 985031
7888 985239
7889 985275
7890 985291
7891 985318
7892 985493
7893 985592
7894 985665
7895 986132
7896 986191
7897 986599
7898 986600
7899 986831
7900 987034
7901 987110
7902 987125
7903 987158
7904 987163
7905 987245
7906 987378
7907 987440
7908 987555
7909 987581
7910 987887
7911 987936
7912 988297
7913 988502
7914 988622
7915 988752
7916 988841
7917 988918
7918 989100
7919 989156
7920 989157
7921 989215
7922 989226
7923 989405
7924 989508
7925 989636
7926 989753
7927 989929
7928 990105
7929 990106
7930 990311
7931 990353
7932 990366
7933 990404
7934 990409
7935 990412
7936 990551
7937 990598
7938 990639
7939 990851
7940 990971
7941 991183
7942 991535
7943 991790
7944 991834
7945 992202
7946 992283
7947 992290
7948 992380
7949 992423
7950 992442
7951 992545
7952 992562
7953 992675
7954 992871
7955 992893
7956 993292
7957 993452
7958 993532
7959 993806
7960 993853
7961 993960
7962 994018
7963 994062
7964 994100
7965 994283
7966 994304
7967 994770
7968 994879
7969 994919
7970 995040
7971 995233
7972 995287
7973 995472
7974 995639
7975 995674
7976 995822
7977 995914
7978 996098
7979 996632
7980 996691
7981 996896
7982 997035
7983 997036
7984 997130
7985 997371
7986 997488
7987 997696
7988 997836
7989 998126
7990 998439
7991 998686
7992 998693
7993 998714
7994 999189
7995 999212
7996 999451
7997 999488
7998 999671
7999 211732
